2019-10-25 11:16:52: == Sync Started by User Command
2019-10-25 11:16:54: Create Folder 'C:/Users/Adrian/Desktop/HTML + CSS/Bino_Adrian/Bino_Adrian/Bino_Adrian'
2019-10-25 11:16:54: Create Folder 'C:/Users/Adrian/Desktop/HTML + CSS/Bino_Adrian/Bino_Adrian/Bino_Adrian/css'
2019-10-25 11:16:54: Create Folder 'C:/Users/Adrian/Desktop/HTML + CSS/Bino_Adrian/Bino_Adrian/Bino_Adrian/img'
2019-10-25 11:16:54: Create Folder 'C:/Users/Adrian/Desktop/HTML + CSS/Bino_Adrian/Bino_Adrian/Bino_Adrian/java'
2019-10-25 11:16:55: Copy New 'ftp://ftp.cluster021.hosting.ovh.net:21/www/Bino_Adrian/Bino_Adrian/css/style.css' -> 'C:/Users/Adrian/Desktop/HTML + CSS/Bino_Adrian/Bino_Adrian/Bino_Adrian/css/style.css' (10,051)
2019-10-25 11:16:55: Copy New 'ftp://ftp.cluster021.hosting.ovh.net:21/www/Bino_Adrian/Bino_Adrian/img/1.png' -> 'C:/Users/Adrian/Desktop/HTML + CSS/Bino_Adrian/Bino_Adrian/Bino_Adrian/img/1.png' (593)
2019-10-25 11:16:56: Copy New 'ftp://ftp.cluster021.hosting.ovh.net:21/www/Bino_Adrian/Bino_Adrian/img/2.png' -> 'C:/Users/Adrian/Desktop/HTML + CSS/Bino_Adrian/Bino_Adrian/Bino_Adrian/img/2.png' (492)
2019-10-25 11:16:56: Copy New 'ftp://ftp.cluster021.hosting.ovh.net:21/www/Bino_Adrian/Bino_Adrian/img/3.png' -> 'C:/Users/Adrian/Desktop/HTML + CSS/Bino_Adrian/Bino_Adrian/Bino_Adrian/img/3.png' (734)
2019-10-25 11:16:57: Copy New 'ftp://ftp.cluster021.hosting.ovh.net:21/www/Bino_Adrian/Bino_Adrian/img/4.png' -> 'C:/Users/Adrian/Desktop/HTML + CSS/Bino_Adrian/Bino_Adrian/Bino_Adrian/img/4.png' (468)
2019-10-25 11:16:57: Copy New 'ftp://ftp.cluster021.hosting.ovh.net:21/www/Bino_Adrian/Bino_Adrian/img/after1.png' -> 'C:/Users/Adrian/Desktop/HTML + CSS/Bino_Adrian/Bino_Adrian/Bino_Adrian/img/after1.png' (257)
2019-10-25 11:16:58: Copy New 'ftp://ftp.cluster021.hosting.ovh.net:21/www/Bino_Adrian/Bino_Adrian/img/Down.png' -> 'C:/Users/Adrian/Desktop/HTML + CSS/Bino_Adrian/Bino_Adrian/Bino_Adrian/img/Down.png' (2,711)
2019-10-25 11:16:59: Copy New 'ftp://ftp.cluster021.hosting.ovh.net:21/www/Bino_Adrian/Bino_Adrian/img/Foreground.jpg' -> 'C:/Users/Adrian/Desktop/HTML + CSS/Bino_Adrian/Bino_Adrian/Bino_Adrian/img/Foreground.jpg' (633,718)
2019-10-25 11:17:00: Copy New 'ftp://ftp.cluster021.hosting.ovh.net:21/www/Bino_Adrian/Bino_Adrian/img/left.png' -> 'C:/Users/Adrian/Desktop/HTML + CSS/Bino_Adrian/Bino_Adrian/Bino_Adrian/img/left.png' (462)
2019-10-25 11:17:00: Copy New 'ftp://ftp.cluster021.hosting.ovh.net:21/www/Bino_Adrian/Bino_Adrian/img/left1.png' -> 'C:/Users/Adrian/Desktop/HTML + CSS/Bino_Adrian/Bino_Adrian/Bino_Adrian/img/left1.png' (488)
2019-10-25 11:17:01: Copy New 'ftp://ftp.cluster021.hosting.ovh.net:21/www/Bino_Adrian/Bino_Adrian/img/Logo.png' -> 'C:/Users/Adrian/Desktop/HTML + CSS/Bino_Adrian/Bino_Adrian/Bino_Adrian/img/Logo.png' (1,276)
2019-10-25 11:17:02: Copy New 'ftp://ftp.cluster021.hosting.ovh.net:21/www/Bino_Adrian/Bino_Adrian/img/Monitor.png' -> 'C:/Users/Adrian/Desktop/HTML + CSS/Bino_Adrian/Bino_Adrian/Bino_Adrian/img/Monitor.png' (188,589)
2019-10-25 11:17:02: Copy New 'ftp://ftp.cluster021.hosting.ovh.net:21/www/Bino_Adrian/Bino_Adrian/img/right.png' -> 'C:/Users/Adrian/Desktop/HTML + CSS/Bino_Adrian/Bino_Adrian/Bino_Adrian/img/right.png' (444)
2019-10-25 11:17:03: Copy New 'ftp://ftp.cluster021.hosting.ovh.net:21/www/Bino_Adrian/Bino_Adrian/img/right1.png' -> 'C:/Users/Adrian/Desktop/HTML + CSS/Bino_Adrian/Bino_Adrian/Bino_Adrian/img/right1.png' (422)
2019-10-25 11:17:04: Copy New 'ftp://ftp.cluster021.hosting.ovh.net:21/www/Bino_Adrian/Bino_Adrian/img/Rounded Rectangle 3 copy 5.png' -> 'C:/Users/Adrian/Desktop/HTML + CSS/Bino_Adrian/Bino_Adrian/Bino_Adrian/img/Rounded Rectangle 3 copy 5.png' (133)
2019-10-25 11:17:05: Copy New 'ftp://ftp.cluster021.hosting.ovh.net:21/www/Bino_Adrian/Bino_Adrian/index.html' -> 'C:/Users/Adrian/Desktop/HTML + CSS/Bino_Adrian/Bino_Adrian/Bino_Adrian/index.html' (7,447)
2019-10-25 11:17:06: Copy New 'ftp://ftp.cluster021.hosting.ovh.net:21/www/Bino_Adrian/Bino_Adrian/java/jquery3.4.1.min.js' -> 'C:/Users/Adrian/Desktop/HTML + CSS/Bino_Adrian/Bino_Adrian/Bino_Adrian/java/jquery3.4.1.min.js' (88,145)
2019-10-25 11:17:06: Copy New 'ftp://ftp.cluster021.hosting.ovh.net:21/www/Bino_Adrian/Bino_Adrian/java/script.js' -> 'C:/Users/Adrian/Desktop/HTML + CSS/Bino_Adrian/Bino_Adrian/Bino_Adrian/java/script.js' (203)
2019-10-25 11:17:06: Copy Over 'ftp://ftp.cluster021.hosting.ovh.net:21/www/Bino_Adrian/css/style.css' -> 'C:/Users/Adrian/Desktop/HTML + CSS/Bino_Adrian/Bino_Adrian/css/style.css' (12,360)
2019-10-25 11:17:09: Copy New 'ftp://ftp.cluster021.hosting.ovh.net:21/www/Bino_Adrian/img/services.png' -> 'C:/Users/Adrian/Desktop/HTML + CSS/Bino_Adrian/Bino_Adrian/img/services.png' (891,727)
2019-10-25 11:17:09: Copy Over 'ftp://ftp.cluster021.hosting.ovh.net:21/www/Bino_Adrian/index.html' -> 'C:/Users/Adrian/Desktop/HTML + CSS/Bino_Adrian/Bino_Adrian/index.html' (8,240)
2019-10-25 11:17:10: Copy Over 'ftp://ftp.cluster021.hosting.ovh.net:21/www/Bino_Adrian/java/script.js' -> 'C:/Users/Adrian/Desktop/HTML + CSS/Bino_Adrian/Bino_Adrian/java/script.js' (203)
2019-10-25 11:17:12: == Sync Complete. Time: 00:00:21, Speed: 159 KB/s, OK: 158, Errors: 0
2019-10-25 11:17:13: 
