2019-10-25 14:40:04: == Sync Started by User Command
2019-10-25 14:40:05: Create Folder 'ftp://ftp.cluster021.hosting.ovh.net:21/Bino_Adrian'
2019-10-25 14:40:05: Create Folder 'ftp://ftp.cluster021.hosting.ovh.net:21/Bino_Adrian/Bino_Adrian'
2019-10-25 14:40:05: Create Folder 'ftp://ftp.cluster021.hosting.ovh.net:21/Bino_Adrian/Bino_Adrian/css'
2019-10-25 14:40:05: Create Folder 'ftp://ftp.cluster021.hosting.ovh.net:21/Bino_Adrian/Bino_Adrian/img'
2019-10-25 14:40:05: Create Folder 'ftp://ftp.cluster021.hosting.ovh.net:21/Bino_Adrian/Bino_Adrian/java'
2019-10-25 14:40:05: Create Folder 'ftp://ftp.cluster021.hosting.ovh.net:21/Bino_Adrian/css'
2019-10-25 14:40:06: Create Folder 'ftp://ftp.cluster021.hosting.ovh.net:21/Bino_Adrian/img'
2019-10-25 14:40:06: Create Folder 'ftp://ftp.cluster021.hosting.ovh.net:21/Bino_Adrian/java'
2019-10-25 14:40:07: Copy New 'C:/Users/Adrian/Desktop/HTML + CSS/Bino_Adrian/Bino_Adrian/Bino_Adrian/css/style.css' -> 'ftp://ftp.cluster021.hosting.ovh.net:21/Bino_Adrian/Bino_Adrian/css/style.css' (10,051)
2019-10-25 14:40:07: Copy New 'C:/Users/Adrian/Desktop/HTML + CSS/Bino_Adrian/Bino_Adrian/Bino_Adrian/img/1.png' -> 'ftp://ftp.cluster021.hosting.ovh.net:21/Bino_Adrian/Bino_Adrian/img/1.png' (593)
2019-10-25 14:40:08: Copy New 'C:/Users/Adrian/Desktop/HTML + CSS/Bino_Adrian/Bino_Adrian/Bino_Adrian/img/2.png' -> 'ftp://ftp.cluster021.hosting.ovh.net:21/Bino_Adrian/Bino_Adrian/img/2.png' (492)
2019-10-25 14:40:08: Copy New 'C:/Users/Adrian/Desktop/HTML + CSS/Bino_Adrian/Bino_Adrian/Bino_Adrian/img/3.png' -> 'ftp://ftp.cluster021.hosting.ovh.net:21/Bino_Adrian/Bino_Adrian/img/3.png' (734)
2019-10-25 14:40:09: Copy New 'C:/Users/Adrian/Desktop/HTML + CSS/Bino_Adrian/Bino_Adrian/Bino_Adrian/img/4.png' -> 'ftp://ftp.cluster021.hosting.ovh.net:21/Bino_Adrian/Bino_Adrian/img/4.png' (468)
2019-10-25 14:40:09: Copy New 'C:/Users/Adrian/Desktop/HTML + CSS/Bino_Adrian/Bino_Adrian/Bino_Adrian/img/after1.png' -> 'ftp://ftp.cluster021.hosting.ovh.net:21/Bino_Adrian/Bino_Adrian/img/after1.png' (257)
2019-10-25 14:40:10: Copy New 'C:/Users/Adrian/Desktop/HTML + CSS/Bino_Adrian/Bino_Adrian/Bino_Adrian/img/Down.png' -> 'ftp://ftp.cluster021.hosting.ovh.net:21/Bino_Adrian/Bino_Adrian/img/Down.png' (2,711)
2019-10-25 14:40:11: Copy New 'C:/Users/Adrian/Desktop/HTML + CSS/Bino_Adrian/Bino_Adrian/Bino_Adrian/img/Foreground.jpg' -> 'ftp://ftp.cluster021.hosting.ovh.net:21/Bino_Adrian/Bino_Adrian/img/Foreground.jpg' (633,718)
2019-10-25 14:40:12: Copy New 'C:/Users/Adrian/Desktop/HTML + CSS/Bino_Adrian/Bino_Adrian/Bino_Adrian/img/left.png' -> 'ftp://ftp.cluster021.hosting.ovh.net:21/Bino_Adrian/Bino_Adrian/img/left.png' (462)
2019-10-25 14:40:12: Copy New 'C:/Users/Adrian/Desktop/HTML + CSS/Bino_Adrian/Bino_Adrian/Bino_Adrian/img/left1.png' -> 'ftp://ftp.cluster021.hosting.ovh.net:21/Bino_Adrian/Bino_Adrian/img/left1.png' (488)
2019-10-25 14:40:13: Copy New 'C:/Users/Adrian/Desktop/HTML + CSS/Bino_Adrian/Bino_Adrian/Bino_Adrian/img/Logo.png' -> 'ftp://ftp.cluster021.hosting.ovh.net:21/Bino_Adrian/Bino_Adrian/img/Logo.png' (1,276)
2019-10-25 14:40:14: Copy New 'C:/Users/Adrian/Desktop/HTML + CSS/Bino_Adrian/Bino_Adrian/Bino_Adrian/img/Monitor.png' -> 'ftp://ftp.cluster021.hosting.ovh.net:21/Bino_Adrian/Bino_Adrian/img/Monitor.png' (188,589)
2019-10-25 14:40:14: Copy New 'C:/Users/Adrian/Desktop/HTML + CSS/Bino_Adrian/Bino_Adrian/Bino_Adrian/img/right.png' -> 'ftp://ftp.cluster021.hosting.ovh.net:21/Bino_Adrian/Bino_Adrian/img/right.png' (444)
2019-10-25 14:40:15: Copy New 'C:/Users/Adrian/Desktop/HTML + CSS/Bino_Adrian/Bino_Adrian/Bino_Adrian/img/right1.png' -> 'ftp://ftp.cluster021.hosting.ovh.net:21/Bino_Adrian/Bino_Adrian/img/right1.png' (422)
2019-10-25 14:40:16: Copy New 'C:/Users/Adrian/Desktop/HTML + CSS/Bino_Adrian/Bino_Adrian/Bino_Adrian/img/Rounded Rectangle 3 copy 5.png' -> 'ftp://ftp.cluster021.hosting.ovh.net:21/Bino_Adrian/Bino_Adrian/img/Rounded Rectangle 3 copy 5.png' (133)
2019-10-25 14:40:16: Copy New 'C:/Users/Adrian/Desktop/HTML + CSS/Bino_Adrian/Bino_Adrian/Bino_Adrian/index.html' -> 'ftp://ftp.cluster021.hosting.ovh.net:21/Bino_Adrian/Bino_Adrian/index.html' (7,447)
2019-10-25 14:40:17: Copy New 'C:/Users/Adrian/Desktop/HTML + CSS/Bino_Adrian/Bino_Adrian/Bino_Adrian/java/jquery3.4.1.min.js' -> 'ftp://ftp.cluster021.hosting.ovh.net:21/Bino_Adrian/Bino_Adrian/java/jquery3.4.1.min.js' (88,145)
2019-10-25 14:40:18: Copy New 'C:/Users/Adrian/Desktop/HTML + CSS/Bino_Adrian/Bino_Adrian/Bino_Adrian/java/script.js' -> 'ftp://ftp.cluster021.hosting.ovh.net:21/Bino_Adrian/Bino_Adrian/java/script.js' (203)
2019-10-25 14:40:18: Copy New 'C:/Users/Adrian/Desktop/HTML + CSS/Bino_Adrian/Bino_Adrian/css/style.css' -> 'ftp://ftp.cluster021.hosting.ovh.net:21/Bino_Adrian/css/style.css' (12,360)
2019-10-25 14:40:19: Copy New 'C:/Users/Adrian/Desktop/HTML + CSS/Bino_Adrian/Bino_Adrian/img/1.png' -> 'ftp://ftp.cluster021.hosting.ovh.net:21/Bino_Adrian/img/1.png' (593)
2019-10-25 14:40:19: Copy New 'C:/Users/Adrian/Desktop/HTML + CSS/Bino_Adrian/Bino_Adrian/img/2.png' -> 'ftp://ftp.cluster021.hosting.ovh.net:21/Bino_Adrian/img/2.png' (492)
2019-10-25 14:40:20: Copy New 'C:/Users/Adrian/Desktop/HTML + CSS/Bino_Adrian/Bino_Adrian/img/3.png' -> 'ftp://ftp.cluster021.hosting.ovh.net:21/Bino_Adrian/img/3.png' (734)
2019-10-25 14:40:21: Copy New 'C:/Users/Adrian/Desktop/HTML + CSS/Bino_Adrian/Bino_Adrian/img/4.png' -> 'ftp://ftp.cluster021.hosting.ovh.net:21/Bino_Adrian/img/4.png' (468)
2019-10-25 14:40:21: Copy New 'C:/Users/Adrian/Desktop/HTML + CSS/Bino_Adrian/Bino_Adrian/img/after1.png' -> 'ftp://ftp.cluster021.hosting.ovh.net:21/Bino_Adrian/img/after1.png' (257)
2019-10-25 14:40:22: Copy New 'C:/Users/Adrian/Desktop/HTML + CSS/Bino_Adrian/Bino_Adrian/img/Down.png' -> 'ftp://ftp.cluster021.hosting.ovh.net:21/Bino_Adrian/img/Down.png' (2,711)
2019-10-25 14:40:23: Copy New 'C:/Users/Adrian/Desktop/HTML + CSS/Bino_Adrian/Bino_Adrian/img/Foreground.jpg' -> 'ftp://ftp.cluster021.hosting.ovh.net:21/Bino_Adrian/img/Foreground.jpg' (633,718)
2019-10-25 14:40:23: Copy New 'C:/Users/Adrian/Desktop/HTML + CSS/Bino_Adrian/Bino_Adrian/img/left.png' -> 'ftp://ftp.cluster021.hosting.ovh.net:21/Bino_Adrian/img/left.png' (462)
2019-10-25 14:40:24: Copy New 'C:/Users/Adrian/Desktop/HTML + CSS/Bino_Adrian/Bino_Adrian/img/left1.png' -> 'ftp://ftp.cluster021.hosting.ovh.net:21/Bino_Adrian/img/left1.png' (488)
2019-10-25 14:40:24: Copy New 'C:/Users/Adrian/Desktop/HTML + CSS/Bino_Adrian/Bino_Adrian/img/Logo.png' -> 'ftp://ftp.cluster021.hosting.ovh.net:21/Bino_Adrian/img/Logo.png' (1,276)
2019-10-25 14:40:25: Copy New 'C:/Users/Adrian/Desktop/HTML + CSS/Bino_Adrian/Bino_Adrian/img/Monitor.png' -> 'ftp://ftp.cluster021.hosting.ovh.net:21/Bino_Adrian/img/Monitor.png' (188,589)
2019-10-25 14:40:26: Copy New 'C:/Users/Adrian/Desktop/HTML + CSS/Bino_Adrian/Bino_Adrian/img/right.png' -> 'ftp://ftp.cluster021.hosting.ovh.net:21/Bino_Adrian/img/right.png' (444)
2019-10-25 14:40:26: Copy New 'C:/Users/Adrian/Desktop/HTML + CSS/Bino_Adrian/Bino_Adrian/img/right1.png' -> 'ftp://ftp.cluster021.hosting.ovh.net:21/Bino_Adrian/img/right1.png' (422)
2019-10-25 14:40:27: Copy New 'C:/Users/Adrian/Desktop/HTML + CSS/Bino_Adrian/Bino_Adrian/img/Rounded Rectangle 3 copy 5.png' -> 'ftp://ftp.cluster021.hosting.ovh.net:21/Bino_Adrian/img/Rounded Rectangle 3 copy 5.png' (133)
2019-10-25 14:40:28: Copy New 'C:/Users/Adrian/Desktop/HTML + CSS/Bino_Adrian/Bino_Adrian/img/services.png' -> 'ftp://ftp.cluster021.hosting.ovh.net:21/Bino_Adrian/img/services.png' (891,727)
2019-10-25 14:40:29: Copy New 'C:/Users/Adrian/Desktop/HTML + CSS/Bino_Adrian/Bino_Adrian/index.html' -> 'ftp://ftp.cluster021.hosting.ovh.net:21/Bino_Adrian/index.html' (8,240)
2019-10-25 14:40:29: Copy New 'C:/Users/Adrian/Desktop/HTML + CSS/Bino_Adrian/Bino_Adrian/java/jquery3.4.1.min.js' -> 'ftp://ftp.cluster021.hosting.ovh.net:21/Bino_Adrian/java/jquery3.4.1.min.js' (88,145)
2019-10-25 14:40:30: Copy New 'C:/Users/Adrian/Desktop/HTML + CSS/Bino_Adrian/Bino_Adrian/java/script.js' -> 'ftp://ftp.cluster021.hosting.ovh.net:21/Bino_Adrian/java/script.js' (203)
2019-10-25 14:40:32: Copy Over 'C:/Users/Adrian/Desktop/HTML + CSS/Bino_Adrian/css/style.css' -> 'ftp://ftp.cluster021.hosting.ovh.net:21/css/style.css' (11,895)
2019-10-25 14:40:33: Copy Over 'C:/Users/Adrian/Desktop/HTML + CSS/Bino_Adrian/img/1.png' -> 'ftp://ftp.cluster021.hosting.ovh.net:21/img/1.png' (593)
2019-10-25 14:40:34: Copy Over 'C:/Users/Adrian/Desktop/HTML + CSS/Bino_Adrian/img/2.png' -> 'ftp://ftp.cluster021.hosting.ovh.net:21/img/2.png' (492)
2019-10-25 14:40:34: Copy Over 'C:/Users/Adrian/Desktop/HTML + CSS/Bino_Adrian/img/3.png' -> 'ftp://ftp.cluster021.hosting.ovh.net:21/img/3.png' (734)
2019-10-25 14:40:35: Copy Over 'C:/Users/Adrian/Desktop/HTML + CSS/Bino_Adrian/img/4.png' -> 'ftp://ftp.cluster021.hosting.ovh.net:21/img/4.png' (468)
2019-10-25 14:40:36: Copy Over 'C:/Users/Adrian/Desktop/HTML + CSS/Bino_Adrian/img/after1.png' -> 'ftp://ftp.cluster021.hosting.ovh.net:21/img/after1.png' (257)
2019-10-25 14:40:36: Copy Over 'C:/Users/Adrian/Desktop/HTML + CSS/Bino_Adrian/img/Down.png' -> 'ftp://ftp.cluster021.hosting.ovh.net:21/img/Down.png' (2,711)
2019-10-25 14:40:38: Copy Over 'C:/Users/Adrian/Desktop/HTML + CSS/Bino_Adrian/img/Foreground.jpg' -> 'ftp://ftp.cluster021.hosting.ovh.net:21/img/Foreground.jpg' (633,718)
2019-10-25 14:40:38: Copy Over 'C:/Users/Adrian/Desktop/HTML + CSS/Bino_Adrian/img/left.png' -> 'ftp://ftp.cluster021.hosting.ovh.net:21/img/left.png' (462)
2019-10-25 14:40:39: Copy Over 'C:/Users/Adrian/Desktop/HTML + CSS/Bino_Adrian/img/left1.png' -> 'ftp://ftp.cluster021.hosting.ovh.net:21/img/left1.png' (488)
2019-10-25 14:40:40: Copy Over 'C:/Users/Adrian/Desktop/HTML + CSS/Bino_Adrian/img/Logo.png' -> 'ftp://ftp.cluster021.hosting.ovh.net:21/img/Logo.png' (1,276)
2019-10-25 14:40:41: Copy Over 'C:/Users/Adrian/Desktop/HTML + CSS/Bino_Adrian/img/Monitor.png' -> 'ftp://ftp.cluster021.hosting.ovh.net:21/img/Monitor.png' (188,589)
2019-10-25 14:40:42: Copy Over 'C:/Users/Adrian/Desktop/HTML + CSS/Bino_Adrian/img/right.png' -> 'ftp://ftp.cluster021.hosting.ovh.net:21/img/right.png' (444)
2019-10-25 14:40:42: Copy Over 'C:/Users/Adrian/Desktop/HTML + CSS/Bino_Adrian/img/right1.png' -> 'ftp://ftp.cluster021.hosting.ovh.net:21/img/right1.png' (422)
2019-10-25 14:40:43: Copy Over 'C:/Users/Adrian/Desktop/HTML + CSS/Bino_Adrian/img/Rounded Rectangle 3 copy 5.png' -> 'ftp://ftp.cluster021.hosting.ovh.net:21/img/Rounded Rectangle 3 copy 5.png' (133)
2019-10-25 14:40:44: Copy New 'C:/Users/Adrian/Desktop/HTML + CSS/Bino_Adrian/img/services.png' -> 'ftp://ftp.cluster021.hosting.ovh.net:21/img/services.png' (891,727)
2019-10-25 14:40:45: Copy Over 'C:/Users/Adrian/Desktop/HTML + CSS/Bino_Adrian/index.html' -> 'ftp://ftp.cluster021.hosting.ovh.net:21/index.html' (10,586)
2019-10-25 14:40:46: Copy Over 'C:/Users/Adrian/Desktop/HTML + CSS/Bino_Adrian/java/jquery3.4.1.min.js' -> 'ftp://ftp.cluster021.hosting.ovh.net:21/java/jquery3.4.1.min.js' (88,145)
2019-10-25 14:40:47: Copy Over 'C:/Users/Adrian/Desktop/HTML + CSS/Bino_Adrian/java/script.js' -> 'ftp://ftp.cluster021.hosting.ovh.net:21/java/script.js' (203)
2019-10-25 14:40:48: == Sync Complete. Time: 00:00:44, Speed: 223 KB/s, OK: 650, Errors: 0
2019-10-25 14:40:48: 
