2019-11-07 09:27:00: On File Change Monitoring started on file:///~Adrian/Desktop/HTML + CSS/Bino_Adrian
2019-11-07 09:27:01: File Monitoring not available on: ftp://ftp.cluster021.hosting.ovh.net:21/www
2019-11-07 09:27:01: Remote File System with No monitoring, disconnect
2019-11-07 09:27:03: -- Analysis Started by On File Change First Full Analyze Upon File Monitoring Start
2019-11-07 09:27:06: /img/after2.png: L:TimeSize<>; Warning: Older file to replace Newer file
2019-11-07 09:27:06: /img/arrow_left.png: L:TimeSize<>; Warning: Older file to replace Newer file
2019-11-07 09:27:06: /img/Blog_1.jpg: L:TimeSize<>; Warning: Older file to replace Newer file
2019-11-07 09:27:06: /img/Blog_2.jpg: L:TimeSize<>; Warning: Older file to replace Newer file
2019-11-07 09:27:06: /img/Blog_3.jpg: L:TimeSize<>; Warning: Older file to replace Newer file
2019-11-07 09:27:06: Changes: 87, Conflicts: 0, CopyTime: 0, FixState: 0, Errors: 0, All: 726
2019-11-07 09:27:06: Left to Right: Copy File: 80 Delete File: 7 
2019-11-07 09:27:06: == Sync Started by On File Change First Full Analyze Upon File Monitoring Start
2019-11-07 09:27:07: Delete File 'ftp://ftp.cluster021.hosting.ovh.net:21/www/img/arrow_right.png.jpg'
2019-11-07 09:27:07: Delete File 'ftp://ftp.cluster021.hosting.ovh.net:21/www/img/bbb-logo-accredited.png'
2019-11-07 09:27:07: Delete File 'ftp://ftp.cluster021.hosting.ovh.net:21/www/img/Ellipse 1.png'
2019-11-07 09:27:07: Delete File 'ftp://ftp.cluster021.hosting.ovh.net:21/www/img/Ellipse_pricing.png'
2019-11-07 09:27:07: Delete File 'ftp://ftp.cluster021.hosting.ovh.net:21/www/img/imagination.png'
2019-11-07 09:27:08: Delete File 'ftp://ftp.cluster021.hosting.ovh.net:21/www/img/Put Your Image.png'
2019-11-07 09:27:08: Delete File 'ftp://ftp.cluster021.hosting.ovh.net:21/www/img/Shadow.png'
2019-11-07 09:27:08: Copy New 'C:/Users/Adrian/Desktop/HTML + CSS/Bino_Adrian/arrow_right.png' -> 'ftp://ftp.cluster021.hosting.ovh.net:21/www/arrow_right.png' (483)
2019-11-07 09:27:10: Copy Over 'C:/Users/Adrian/Desktop/HTML + CSS/Bino_Adrian/css/style.css' -> 'ftp://ftp.cluster021.hosting.ovh.net:21/www/css/style.css' (40,140)
2019-11-07 09:27:11: Copy Over 'C:/Users/Adrian/Desktop/HTML + CSS/Bino_Adrian/img/1.png' -> 'ftp://ftp.cluster021.hosting.ovh.net:21/www/img/1.png' (15,974)
2019-11-07 09:27:12: Copy Over 'C:/Users/Adrian/Desktop/HTML + CSS/Bino_Adrian/img/1_1.png' -> 'ftp://ftp.cluster021.hosting.ovh.net:21/www/img/1_1.png' (405)
2019-11-07 09:27:13: Copy New 'C:/Users/Adrian/Desktop/HTML + CSS/Bino_Adrian/img/2.jpg' -> 'ftp://ftp.cluster021.hosting.ovh.net:21/www/img/2.jpg' (30,143)
2019-11-07 09:27:14: Copy Over 'C:/Users/Adrian/Desktop/HTML + CSS/Bino_Adrian/img/2.png' -> 'ftp://ftp.cluster021.hosting.ovh.net:21/www/img/2.png' (120,082)
2019-11-07 09:27:15: Copy Over 'C:/Users/Adrian/Desktop/HTML + CSS/Bino_Adrian/img/2_1.png' -> 'ftp://ftp.cluster021.hosting.ovh.net:21/www/img/2_1.png' (330)
2019-11-07 09:27:16: Copy Over 'C:/Users/Adrian/Desktop/HTML + CSS/Bino_Adrian/img/3.png' -> 'ftp://ftp.cluster021.hosting.ovh.net:21/www/img/3.png' (49,009)
2019-11-07 09:27:17: Copy Over 'C:/Users/Adrian/Desktop/HTML + CSS/Bino_Adrian/img/3_1.png' -> 'ftp://ftp.cluster021.hosting.ovh.net:21/www/img/3_1.png' (439)
2019-11-07 09:27:18: Copy Over 'C:/Users/Adrian/Desktop/HTML + CSS/Bino_Adrian/img/4.png' -> 'ftp://ftp.cluster021.hosting.ovh.net:21/www/img/4.png' (75,100)
2019-11-07 09:27:19: Copy Over 'C:/Users/Adrian/Desktop/HTML + CSS/Bino_Adrian/img/4_1.png' -> 'ftp://ftp.cluster021.hosting.ovh.net:21/www/img/4_1.png' (346)
2019-11-07 09:27:20: Copy New 'C:/Users/Adrian/Desktop/HTML + CSS/Bino_Adrian/img/5.jpg' -> 'ftp://ftp.cluster021.hosting.ovh.net:21/www/img/5.jpg' (19,288)
2019-11-07 09:27:21: Copy Over 'C:/Users/Adrian/Desktop/HTML + CSS/Bino_Adrian/img/5.png' -> 'ftp://ftp.cluster021.hosting.ovh.net:21/www/img/5.png' (103,827)
2019-11-07 09:27:22: Copy Over 'C:/Users/Adrian/Desktop/HTML + CSS/Bino_Adrian/img/6.png' -> 'ftp://ftp.cluster021.hosting.ovh.net:21/www/img/6.png' (76,204)
2019-11-07 09:27:23: Copy Over 'C:/Users/Adrian/Desktop/HTML + CSS/Bino_Adrian/img/7.png' -> 'ftp://ftp.cluster021.hosting.ovh.net:21/www/img/7.png' (82,745)
2019-11-07 09:27:24: Copy New 'C:/Users/Adrian/Desktop/HTML + CSS/Bino_Adrian/img/7.png.jpg' -> 'ftp://ftp.cluster021.hosting.ovh.net:21/www/img/7.png.jpg' (21,569)
2019-11-07 09:27:25: Copy Over 'C:/Users/Adrian/Desktop/HTML + CSS/Bino_Adrian/img/8.png' -> 'ftp://ftp.cluster021.hosting.ovh.net:21/www/img/8.png' (61,599)
2019-11-07 09:27:26: Copy Over 'C:/Users/Adrian/Desktop/HTML + CSS/Bino_Adrian/img/after1.png' -> 'ftp://ftp.cluster021.hosting.ovh.net:21/www/img/after1.png' (157)
2019-11-07 09:27:27: Copy Over 'C:/Users/Adrian/Desktop/HTML + CSS/Bino_Adrian/img/after2.png' -> 'ftp://ftp.cluster021.hosting.ovh.net:21/www/img/after2.png' (163)
2019-11-07 09:27:28: Copy Over 'C:/Users/Adrian/Desktop/HTML + CSS/Bino_Adrian/img/arrow_left.png' -> 'ftp://ftp.cluster021.hosting.ovh.net:21/www/img/arrow_left.png' (476)
2019-11-07 09:27:29: Copy Over 'C:/Users/Adrian/Desktop/HTML + CSS/Bino_Adrian/img/arrow_right.png' -> 'ftp://ftp.cluster021.hosting.ovh.net:21/www/img/arrow_right.png' (805)
2019-11-07 09:27:30: Copy Over 'C:/Users/Adrian/Desktop/HTML + CSS/Bino_Adrian/img/Blog_1.jpg' -> 'ftp://ftp.cluster021.hosting.ovh.net:21/www/img/Blog_1.jpg' (34,486)
2019-11-07 09:27:31: Copy Over 'C:/Users/Adrian/Desktop/HTML + CSS/Bino_Adrian/img/Blog_2.jpg' -> 'ftp://ftp.cluster021.hosting.ovh.net:21/www/img/Blog_2.jpg' (23,013)
2019-11-07 09:27:32: Copy Over 'C:/Users/Adrian/Desktop/HTML + CSS/Bino_Adrian/img/Blog_3.jpg' -> 'ftp://ftp.cluster021.hosting.ovh.net:21/www/img/Blog_3.jpg' (57,160)
2019-11-07 09:27:33: Copy Over 'C:/Users/Adrian/Desktop/HTML + CSS/Bino_Adrian/img/Blog_4.jpg' -> 'ftp://ftp.cluster021.hosting.ovh.net:21/www/img/Blog_4.jpg' (77,782)
2019-11-07 09:27:34: Copy Over 'C:/Users/Adrian/Desktop/HTML + CSS/Bino_Adrian/img/bulb.jpg' -> 'ftp://ftp.cluster021.hosting.ovh.net:21/www/img/bulb.jpg' (3,802)
2019-11-07 09:27:35: Copy Over 'C:/Users/Adrian/Desktop/HTML + CSS/Bino_Adrian/img/CaseImage.jpg' -> 'ftp://ftp.cluster021.hosting.ovh.net:21/www/img/CaseImage.jpg' (3,812)
2019-11-07 09:27:36: Copy Over 'C:/Users/Adrian/Desktop/HTML + CSS/Bino_Adrian/img/Curve.png' -> 'ftp://ftp.cluster021.hosting.ovh.net:21/www/img/Curve.png' (8,601)
2019-11-07 09:27:37: Copy Over 'C:/Users/Adrian/Desktop/HTML + CSS/Bino_Adrian/img/Down Icon copy 2.png' -> 'ftp://ftp.cluster021.hosting.ovh.net:21/www/img/Down Icon copy 2.png' (1,164)
2019-11-07 09:27:38: Copy Over 'C:/Users/Adrian/Desktop/HTML + CSS/Bino_Adrian/img/Down Icon copy 3.png' -> 'ftp://ftp.cluster021.hosting.ovh.net:21/www/img/Down Icon copy 3.png' (1,031)
2019-11-07 09:27:39: Copy Over 'C:/Users/Adrian/Desktop/HTML + CSS/Bino_Adrian/img/Down Icon copy.png' -> 'ftp://ftp.cluster021.hosting.ovh.net:21/www/img/Down Icon copy.png' (852)
2019-11-07 09:27:40: Copy Over 'C:/Users/Adrian/Desktop/HTML + CSS/Bino_Adrian/img/Down.png' -> 'ftp://ftp.cluster021.hosting.ovh.net:21/www/img/Down.png' (968)
2019-11-07 09:27:41: Copy Over 'C:/Users/Adrian/Desktop/HTML + CSS/Bino_Adrian/img/Face_1.png' -> 'ftp://ftp.cluster021.hosting.ovh.net:21/www/img/Face_1.png' (2,957)
2019-11-07 09:27:42: Copy Over 'C:/Users/Adrian/Desktop/HTML + CSS/Bino_Adrian/img/Face_2.png' -> 'ftp://ftp.cluster021.hosting.ovh.net:21/www/img/Face_2.png' (2,921)
2019-11-07 09:27:43: Copy Over 'C:/Users/Adrian/Desktop/HTML + CSS/Bino_Adrian/img/Face_3.png' -> 'ftp://ftp.cluster021.hosting.ovh.net:21/www/img/Face_3.png' (2,761)
2019-11-07 09:27:44: Copy Over 'C:/Users/Adrian/Desktop/HTML + CSS/Bino_Adrian/img/Face_4.png' -> 'ftp://ftp.cluster021.hosting.ovh.net:21/www/img/Face_4.png' (2,872)
2019-11-07 09:27:45: Copy Over 'C:/Users/Adrian/Desktop/HTML + CSS/Bino_Adrian/img/Face_5.png' -> 'ftp://ftp.cluster021.hosting.ovh.net:21/www/img/Face_5.png' (2,915)
2019-11-07 09:27:45: Copy New 'C:/Users/Adrian/Desktop/HTML + CSS/Bino_Adrian/img/facebook.png' -> 'ftp://ftp.cluster021.hosting.ovh.net:21/www/img/facebook.png' (226)
2019-11-07 09:27:46: Copy New 'C:/Users/Adrian/Desktop/HTML + CSS/Bino_Adrian/img/facebook_hover.png' -> 'ftp://ftp.cluster021.hosting.ovh.net:21/www/img/facebook_hover.png' (1,719)
2019-11-07 09:27:47: Copy Over 'C:/Users/Adrian/Desktop/HTML + CSS/Bino_Adrian/img/Foreground.jpg' -> 'ftp://ftp.cluster021.hosting.ovh.net:21/www/img/Foreground.jpg' (44,835)
2019-11-07 09:27:48: Copy New 'C:/Users/Adrian/Desktop/HTML + CSS/Bino_Adrian/img/google plus.png' -> 'ftp://ftp.cluster021.hosting.ovh.net:21/www/img/google plus.png' (521)
2019-11-07 09:27:49: Copy New 'C:/Users/Adrian/Desktop/HTML + CSS/Bino_Adrian/img/google plus_hover.png' -> 'ftp://ftp.cluster021.hosting.ovh.net:21/www/img/google plus_hover.png' (1,970)
2019-11-07 09:27:50: Copy Over 'C:/Users/Adrian/Desktop/HTML + CSS/Bino_Adrian/img/left.png' -> 'ftp://ftp.cluster021.hosting.ovh.net:21/www/img/left.png' (205)
2019-11-07 09:27:51: Copy Over 'C:/Users/Adrian/Desktop/HTML + CSS/Bino_Adrian/img/left1.png' -> 'ftp://ftp.cluster021.hosting.ovh.net:21/www/img/left1.png' (254)
2019-11-07 09:27:51: Copy New 'C:/Users/Adrian/Desktop/HTML + CSS/Bino_Adrian/img/linkedin.png' -> 'ftp://ftp.cluster021.hosting.ovh.net:21/www/img/linkedin.png' (362)
2019-11-07 09:27:52: Copy New 'C:/Users/Adrian/Desktop/HTML + CSS/Bino_Adrian/img/linkedin_hover.png' -> 'ftp://ftp.cluster021.hosting.ovh.net:21/www/img/linkedin_hover.png' (1,832)
2019-11-07 09:27:53: Copy Over 'C:/Users/Adrian/Desktop/HTML + CSS/Bino_Adrian/img/Logo.png' -> 'ftp://ftp.cluster021.hosting.ovh.net:21/www/img/Logo.png' (713)
2019-11-07 09:27:55: Copy Over 'C:/Users/Adrian/Desktop/HTML + CSS/Bino_Adrian/img/Monitor.png' -> 'ftp://ftp.cluster021.hosting.ovh.net:21/www/img/Monitor.png' (67,816)
2019-11-07 09:27:56: Copy New 'C:/Users/Adrian/Desktop/HTML + CSS/Bino_Adrian/img/Put Your Image.jpg' -> 'ftp://ftp.cluster021.hosting.ovh.net:21/www/img/Put Your Image.jpg' (40,992)
2019-11-07 09:27:58: Copy Over 'C:/Users/Adrian/Desktop/HTML + CSS/Bino_Adrian/img/Put Your Image2.jpg' -> 'ftp://ftp.cluster021.hosting.ovh.net:21/www/img/Put Your Image2.jpg' (62,871)
2019-11-07 09:27:59: Copy New 'C:/Users/Adrian/Desktop/HTML + CSS/Bino_Adrian/img/PutYourImage3.jpg' -> 'ftp://ftp.cluster021.hosting.ovh.net:21/www/img/PutYourImage3.jpg' (33,910)
2019-11-07 09:27:59: Copy Over 'C:/Users/Adrian/Desktop/HTML + CSS/Bino_Adrian/img/Rectangle 13 copy 4.png' -> 'ftp://ftp.cluster021.hosting.ovh.net:21/www/img/Rectangle 13 copy 4.png' (456)
2019-11-07 09:28:01: Copy Over 'C:/Users/Adrian/Desktop/HTML + CSS/Bino_Adrian/img/Rectangle_important.jpg' -> 'ftp://ftp.cluster021.hosting.ovh.net:21/www/img/Rectangle_important.jpg' (593)
2019-11-07 09:28:01: Copy Over 'C:/Users/Adrian/Desktop/HTML + CSS/Bino_Adrian/img/right.png' -> 'ftp://ftp.cluster021.hosting.ovh.net:21/www/img/right.png' (204)
2019-11-07 09:28:02: Copy Over 'C:/Users/Adrian/Desktop/HTML + CSS/Bino_Adrian/img/right1.png' -> 'ftp://ftp.cluster021.hosting.ovh.net:21/www/img/right1.png' (260)
2019-11-07 09:28:03: Copy New 'C:/Users/Adrian/Desktop/HTML + CSS/Bino_Adrian/img/Robo-min.png' -> 'ftp://ftp.cluster021.hosting.ovh.net:21/www/img/Robo-min.png' (984)
2019-11-07 09:28:04: Copy New 'C:/Users/Adrian/Desktop/HTML + CSS/Bino_Adrian/img/Robo._hover.png' -> 'ftp://ftp.cluster021.hosting.ovh.net:21/www/img/Robo._hover.png' (5,274)
2019-11-07 09:28:05: Copy Over 'C:/Users/Adrian/Desktop/HTML + CSS/Bino_Adrian/img/Robo.png' -> 'ftp://ftp.cluster021.hosting.ovh.net:21/www/img/Robo.png' (1,070)
2019-11-07 09:28:06: Copy New 'C:/Users/Adrian/Desktop/HTML + CSS/Bino_Adrian/img/Robo1.png' -> 'ftp://ftp.cluster021.hosting.ovh.net:21/www/img/Robo1.png' (1,799)
2019-11-07 09:28:06: Copy Over 'C:/Users/Adrian/Desktop/HTML + CSS/Bino_Adrian/img/Rounded Rectangle 3 copy 5.png' -> 'ftp://ftp.cluster021.hosting.ovh.net:21/www/img/Rounded Rectangle 3 copy 5.png' (118)
2019-11-07 09:28:07: Copy New 'C:/Users/Adrian/Desktop/HTML + CSS/Bino_Adrian/img/rss.png' -> 'ftp://ftp.cluster021.hosting.ovh.net:21/www/img/rss.png' (566)
2019-11-07 09:28:08: Copy New 'C:/Users/Adrian/Desktop/HTML + CSS/Bino_Adrian/img/rss_hover.png' -> 'ftp://ftp.cluster021.hosting.ovh.net:21/www/img/rss_hover.png' (2,003)
2019-11-07 09:28:09: Copy Over 'C:/Users/Adrian/Desktop/HTML + CSS/Bino_Adrian/img/services.png' -> 'ftp://ftp.cluster021.hosting.ovh.net:21/www/img/services.png' (204)
2019-11-07 09:28:10: Copy New 'C:/Users/Adrian/Desktop/HTML + CSS/Bino_Adrian/img/skype.png' -> 'ftp://ftp.cluster021.hosting.ovh.net:21/www/img/skype.png' (574)
2019-11-07 09:28:10: Copy New 'C:/Users/Adrian/Desktop/HTML + CSS/Bino_Adrian/img/skype_hover.png' -> 'ftp://ftp.cluster021.hosting.ovh.net:21/www/img/skype_hover.png' (2,027)
2019-11-07 09:28:12: Copy Over 'C:/Users/Adrian/Desktop/HTML + CSS/Bino_Adrian/img/stat2.png' -> 'ftp://ftp.cluster021.hosting.ovh.net:21/www/img/stat2.png' (1,160)
2019-11-07 09:28:13: Copy Over 'C:/Users/Adrian/Desktop/HTML + CSS/Bino_Adrian/img/stat3.png' -> 'ftp://ftp.cluster021.hosting.ovh.net:21/www/img/stat3.png' (1,323)
2019-11-07 09:28:14: Copy Over 'C:/Users/Adrian/Desktop/HTML + CSS/Bino_Adrian/img/stat4.png' -> 'ftp://ftp.cluster021.hosting.ovh.net:21/www/img/stat4.png' (1,299)
2019-11-07 09:28:14: Copy Over 'C:/Users/Adrian/Desktop/HTML + CSS/Bino_Adrian/img/stat5.png' -> 'ftp://ftp.cluster021.hosting.ovh.net:21/www/img/stat5.png' (1,118)
2019-11-07 09:28:15: Copy Over 'C:/Users/Adrian/Desktop/HTML + CSS/Bino_Adrian/img/stat_1.png' -> 'ftp://ftp.cluster021.hosting.ovh.net:21/www/img/stat_1.png' (1,318)
2019-11-07 09:28:17: Copy Over 'C:/Users/Adrian/Desktop/HTML + CSS/Bino_Adrian/img/status.jpg' -> 'ftp://ftp.cluster021.hosting.ovh.net:21/www/img/status.jpg' (72,730)
2019-11-07 09:28:18: Copy Over 'C:/Users/Adrian/Desktop/HTML + CSS/Bino_Adrian/img/Team.jpg' -> 'ftp://ftp.cluster021.hosting.ovh.net:21/www/img/Team.jpg' (25,230)
2019-11-07 09:28:19: Copy New 'C:/Users/Adrian/Desktop/HTML + CSS/Bino_Adrian/img/tumblr.png' -> 'ftp://ftp.cluster021.hosting.ovh.net:21/www/img/tumblr.png' (277)
2019-11-07 09:28:20: Copy New 'C:/Users/Adrian/Desktop/HTML + CSS/Bino_Adrian/img/tumblr_hover.png' -> 'ftp://ftp.cluster021.hosting.ovh.net:21/www/img/tumblr_hover.png' (1,773)
2019-11-07 09:28:20: Copy New 'C:/Users/Adrian/Desktop/HTML + CSS/Bino_Adrian/img/twitter.png' -> 'ftp://ftp.cluster021.hosting.ovh.net:21/www/img/twitter.png' (2,195)
2019-11-07 09:28:21: Copy New 'C:/Users/Adrian/Desktop/HTML + CSS/Bino_Adrian/img/twitter_hover.png' -> 'ftp://ftp.cluster021.hosting.ovh.net:21/www/img/twitter_hover.png' (2,241)
2019-11-07 09:28:22: Copy New 'C:/Users/Adrian/Desktop/HTML + CSS/Bino_Adrian/img/vimeo.png' -> 'ftp://ftp.cluster021.hosting.ovh.net:21/www/img/vimeo.png' (471)
2019-11-07 09:28:23: Copy New 'C:/Users/Adrian/Desktop/HTML + CSS/Bino_Adrian/img/vimeo_hover.png' -> 'ftp://ftp.cluster021.hosting.ovh.net:21/www/img/vimeo_hover.png' (1,949)
2019-11-07 09:28:24: Copy Over 'C:/Users/Adrian/Desktop/HTML + CSS/Bino_Adrian/index.html' -> 'ftp://ftp.cluster021.hosting.ovh.net:21/www/index.html' (31,262)
2019-11-07 09:28:25: Copy Over 'C:/Users/Adrian/Desktop/HTML + CSS/Bino_Adrian/java/script.js' -> 'ftp://ftp.cluster021.hosting.ovh.net:21/www/java/script.js' (2,238)
2019-11-07 09:28:28: == Sync Complete. Time: 00:01:22, Speed: 22.6 KB/s, OK: 87, Errors: 0
2019-11-07 09:28:28: 
