2019-10-24 21:11:46: == Sync Started by User Command
2019-10-24 21:11:50: Copy Over 'C:/Users/Adrian/Desktop/HTML + CSS/Bino_Adrian/css/style.css' -> 'ftp://ftp.cluster021.hosting.ovh.net:21/css/style.css' (10,642)
2019-10-24 21:11:51: Copy Over 'C:/Users/Adrian/Desktop/HTML + CSS/Bino_Adrian/img/1.png' -> 'ftp://ftp.cluster021.hosting.ovh.net:21/img/1.png' (593)
2019-10-24 21:11:52: Copy Over 'C:/Users/Adrian/Desktop/HTML + CSS/Bino_Adrian/img/2.png' -> 'ftp://ftp.cluster021.hosting.ovh.net:21/img/2.png' (492)
2019-10-24 21:11:53: Copy Over 'C:/Users/Adrian/Desktop/HTML + CSS/Bino_Adrian/img/3.png' -> 'ftp://ftp.cluster021.hosting.ovh.net:21/img/3.png' (734)
2019-10-24 21:11:54: Copy Over 'C:/Users/Adrian/Desktop/HTML + CSS/Bino_Adrian/img/4.png' -> 'ftp://ftp.cluster021.hosting.ovh.net:21/img/4.png' (468)
2019-10-24 21:11:56: Copy Over 'C:/Users/Adrian/Desktop/HTML + CSS/Bino_Adrian/img/after1.png' -> 'ftp://ftp.cluster021.hosting.ovh.net:21/img/after1.png' (257)
2019-10-24 21:11:57: Copy Over 'C:/Users/Adrian/Desktop/HTML + CSS/Bino_Adrian/img/Down.png' -> 'ftp://ftp.cluster021.hosting.ovh.net:21/img/Down.png' (2,711)
2019-10-24 21:11:59: Copy Over 'C:/Users/Adrian/Desktop/HTML + CSS/Bino_Adrian/img/Foreground.jpg' -> 'ftp://ftp.cluster021.hosting.ovh.net:21/img/Foreground.jpg' (633,718)
2019-10-24 21:12:00: Copy Over 'C:/Users/Adrian/Desktop/HTML + CSS/Bino_Adrian/img/left.png' -> 'ftp://ftp.cluster021.hosting.ovh.net:21/img/left.png' (462)
2019-10-24 21:12:01: Copy Over 'C:/Users/Adrian/Desktop/HTML + CSS/Bino_Adrian/img/left1.png' -> 'ftp://ftp.cluster021.hosting.ovh.net:21/img/left1.png' (488)
2019-10-24 21:12:02: Copy Over 'C:/Users/Adrian/Desktop/HTML + CSS/Bino_Adrian/img/Logo.png' -> 'ftp://ftp.cluster021.hosting.ovh.net:21/img/Logo.png' (1,276)
2019-10-24 21:12:04: Copy Over 'C:/Users/Adrian/Desktop/HTML + CSS/Bino_Adrian/img/Monitor.png' -> 'ftp://ftp.cluster021.hosting.ovh.net:21/img/Monitor.png' (188,589)
2019-10-24 21:12:05: Copy Over 'C:/Users/Adrian/Desktop/HTML + CSS/Bino_Adrian/img/right.png' -> 'ftp://ftp.cluster021.hosting.ovh.net:21/img/right.png' (444)
2019-10-24 21:12:06: Copy Over 'C:/Users/Adrian/Desktop/HTML + CSS/Bino_Adrian/img/right1.png' -> 'ftp://ftp.cluster021.hosting.ovh.net:21/img/right1.png' (422)
2019-10-24 21:12:07: Copy Over 'C:/Users/Adrian/Desktop/HTML + CSS/Bino_Adrian/img/Rounded Rectangle 3 copy 5.png' -> 'ftp://ftp.cluster021.hosting.ovh.net:21/img/Rounded Rectangle 3 copy 5.png' (133)
2019-10-24 21:12:08: Copy Over 'C:/Users/Adrian/Desktop/HTML + CSS/Bino_Adrian/index.html' -> 'ftp://ftp.cluster021.hosting.ovh.net:21/index.html' (7,619)
2019-10-24 21:12:10: Copy Over 'C:/Users/Adrian/Desktop/HTML + CSS/Bino_Adrian/java/jquery3.4.1.min.js' -> 'ftp://ftp.cluster021.hosting.ovh.net:21/java/jquery3.4.1.min.js' (88,145)
2019-10-24 21:12:11: Copy Over 'C:/Users/Adrian/Desktop/HTML + CSS/Bino_Adrian/java/script.js' -> 'ftp://ftp.cluster021.hosting.ovh.net:21/java/script.js' (209)
2019-10-24 21:12:12: == Sync Complete. Time: 00:00:27, Speed: 38.6 KB/s, OK: 18, Errors: 0
2019-10-24 21:12:12: 
