2019-10-25 14:34:40: == Sync Started by User Command
2019-10-25 14:34:43: Create Folder 'ftp://ftp.cluster021.hosting.ovh.net:21/Bino_Adrian'
2019-10-25 14:34:43: Create Folder 'ftp://ftp.cluster021.hosting.ovh.net:21/Bino_Adrian/Bino_Adrian'
2019-10-25 14:34:43: Create Folder 'ftp://ftp.cluster021.hosting.ovh.net:21/Bino_Adrian/Bino_Adrian/css'
2019-10-25 14:34:43: Create Folder 'ftp://ftp.cluster021.hosting.ovh.net:21/Bino_Adrian/Bino_Adrian/img'
2019-10-25 14:34:43: Create Folder 'ftp://ftp.cluster021.hosting.ovh.net:21/Bino_Adrian/Bino_Adrian/java'
2019-10-25 14:34:43: Create Folder 'ftp://ftp.cluster021.hosting.ovh.net:21/Bino_Adrian/css'
2019-10-25 14:34:43: Create Folder 'ftp://ftp.cluster021.hosting.ovh.net:21/Bino_Adrian/img'
2019-10-25 14:34:43: Create Folder 'ftp://ftp.cluster021.hosting.ovh.net:21/Bino_Adrian/java'
2019-10-25 14:34:43: Create Folder 'ftp://ftp.cluster021.hosting.ovh.net:21/css'
2019-10-25 14:34:43: Create Folder 'ftp://ftp.cluster021.hosting.ovh.net:21/img'
2019-10-25 14:34:43: Create Folder 'ftp://ftp.cluster021.hosting.ovh.net:21/java'
2019-10-25 14:34:44: Copy New 'C:/Users/Adrian/Desktop/HTML + CSS/Bino_Adrian/Bino_Adrian/Bino_Adrian/css/style.css' -> 'ftp://ftp.cluster021.hosting.ovh.net:21/Bino_Adrian/Bino_Adrian/css/style.css' (10,051)
2019-10-25 14:34:45: Copy New 'C:/Users/Adrian/Desktop/HTML + CSS/Bino_Adrian/Bino_Adrian/Bino_Adrian/img/1.png' -> 'ftp://ftp.cluster021.hosting.ovh.net:21/Bino_Adrian/Bino_Adrian/img/1.png' (593)
2019-10-25 14:34:45: Copy New 'C:/Users/Adrian/Desktop/HTML + CSS/Bino_Adrian/Bino_Adrian/Bino_Adrian/img/2.png' -> 'ftp://ftp.cluster021.hosting.ovh.net:21/Bino_Adrian/Bino_Adrian/img/2.png' (492)
2019-10-25 14:34:46: Copy New 'C:/Users/Adrian/Desktop/HTML + CSS/Bino_Adrian/Bino_Adrian/Bino_Adrian/img/3.png' -> 'ftp://ftp.cluster021.hosting.ovh.net:21/Bino_Adrian/Bino_Adrian/img/3.png' (734)
2019-10-25 14:34:46: Copy New 'C:/Users/Adrian/Desktop/HTML + CSS/Bino_Adrian/Bino_Adrian/Bino_Adrian/img/4.png' -> 'ftp://ftp.cluster021.hosting.ovh.net:21/Bino_Adrian/Bino_Adrian/img/4.png' (468)
2019-10-25 14:34:47: Copy New 'C:/Users/Adrian/Desktop/HTML + CSS/Bino_Adrian/Bino_Adrian/Bino_Adrian/img/after1.png' -> 'ftp://ftp.cluster021.hosting.ovh.net:21/Bino_Adrian/Bino_Adrian/img/after1.png' (257)
2019-10-25 14:34:47: Copy New 'C:/Users/Adrian/Desktop/HTML + CSS/Bino_Adrian/Bino_Adrian/Bino_Adrian/img/Down.png' -> 'ftp://ftp.cluster021.hosting.ovh.net:21/Bino_Adrian/Bino_Adrian/img/Down.png' (2,711)
2019-10-25 14:34:48: Copy New 'C:/Users/Adrian/Desktop/HTML + CSS/Bino_Adrian/Bino_Adrian/Bino_Adrian/img/Foreground.jpg' -> 'ftp://ftp.cluster021.hosting.ovh.net:21/Bino_Adrian/Bino_Adrian/img/Foreground.jpg' (633,718)
2019-10-25 14:34:49: Copy New 'C:/Users/Adrian/Desktop/HTML + CSS/Bino_Adrian/Bino_Adrian/Bino_Adrian/img/left.png' -> 'ftp://ftp.cluster021.hosting.ovh.net:21/Bino_Adrian/Bino_Adrian/img/left.png' (462)
2019-10-25 14:34:50: Copy New 'C:/Users/Adrian/Desktop/HTML + CSS/Bino_Adrian/Bino_Adrian/Bino_Adrian/img/left1.png' -> 'ftp://ftp.cluster021.hosting.ovh.net:21/Bino_Adrian/Bino_Adrian/img/left1.png' (488)
2019-10-25 14:34:50: Copy New 'C:/Users/Adrian/Desktop/HTML + CSS/Bino_Adrian/Bino_Adrian/Bino_Adrian/img/Logo.png' -> 'ftp://ftp.cluster021.hosting.ovh.net:21/Bino_Adrian/Bino_Adrian/img/Logo.png' (1,276)
2019-10-25 14:34:51: Copy New 'C:/Users/Adrian/Desktop/HTML + CSS/Bino_Adrian/Bino_Adrian/Bino_Adrian/img/Monitor.png' -> 'ftp://ftp.cluster021.hosting.ovh.net:21/Bino_Adrian/Bino_Adrian/img/Monitor.png' (188,589)
2019-10-25 14:34:52: Copy New 'C:/Users/Adrian/Desktop/HTML + CSS/Bino_Adrian/Bino_Adrian/Bino_Adrian/img/right.png' -> 'ftp://ftp.cluster021.hosting.ovh.net:21/Bino_Adrian/Bino_Adrian/img/right.png' (444)
2019-10-25 14:34:52: Copy New 'C:/Users/Adrian/Desktop/HTML + CSS/Bino_Adrian/Bino_Adrian/Bino_Adrian/img/right1.png' -> 'ftp://ftp.cluster021.hosting.ovh.net:21/Bino_Adrian/Bino_Adrian/img/right1.png' (422)
2019-10-25 14:34:53: Copy New 'C:/Users/Adrian/Desktop/HTML + CSS/Bino_Adrian/Bino_Adrian/Bino_Adrian/img/Rounded Rectangle 3 copy 5.png' -> 'ftp://ftp.cluster021.hosting.ovh.net:21/Bino_Adrian/Bino_Adrian/img/Rounded Rectangle 3 copy 5.png' (133)
2019-10-25 14:34:54: Copy New 'C:/Users/Adrian/Desktop/HTML + CSS/Bino_Adrian/Bino_Adrian/Bino_Adrian/index.html' -> 'ftp://ftp.cluster021.hosting.ovh.net:21/Bino_Adrian/Bino_Adrian/index.html' (7,447)
2019-10-25 14:34:54: Copy New 'C:/Users/Adrian/Desktop/HTML + CSS/Bino_Adrian/Bino_Adrian/Bino_Adrian/java/jquery3.4.1.min.js' -> 'ftp://ftp.cluster021.hosting.ovh.net:21/Bino_Adrian/Bino_Adrian/java/jquery3.4.1.min.js' (88,145)
2019-10-25 14:34:55: Copy New 'C:/Users/Adrian/Desktop/HTML + CSS/Bino_Adrian/Bino_Adrian/Bino_Adrian/java/script.js' -> 'ftp://ftp.cluster021.hosting.ovh.net:21/Bino_Adrian/Bino_Adrian/java/script.js' (203)
2019-10-25 14:34:56: Copy New 'C:/Users/Adrian/Desktop/HTML + CSS/Bino_Adrian/Bino_Adrian/css/style.css' -> 'ftp://ftp.cluster021.hosting.ovh.net:21/Bino_Adrian/css/style.css' (12,360)
2019-10-25 14:34:56: Copy New 'C:/Users/Adrian/Desktop/HTML + CSS/Bino_Adrian/Bino_Adrian/img/1.png' -> 'ftp://ftp.cluster021.hosting.ovh.net:21/Bino_Adrian/img/1.png' (593)
2019-10-25 14:34:57: Copy New 'C:/Users/Adrian/Desktop/HTML + CSS/Bino_Adrian/Bino_Adrian/img/2.png' -> 'ftp://ftp.cluster021.hosting.ovh.net:21/Bino_Adrian/img/2.png' (492)
2019-10-25 14:34:58: Copy New 'C:/Users/Adrian/Desktop/HTML + CSS/Bino_Adrian/Bino_Adrian/img/3.png' -> 'ftp://ftp.cluster021.hosting.ovh.net:21/Bino_Adrian/img/3.png' (734)
2019-10-25 14:34:59: Copy New 'C:/Users/Adrian/Desktop/HTML + CSS/Bino_Adrian/Bino_Adrian/img/4.png' -> 'ftp://ftp.cluster021.hosting.ovh.net:21/Bino_Adrian/img/4.png' (468)
2019-10-25 14:34:59: Copy New 'C:/Users/Adrian/Desktop/HTML + CSS/Bino_Adrian/Bino_Adrian/img/after1.png' -> 'ftp://ftp.cluster021.hosting.ovh.net:21/Bino_Adrian/img/after1.png' (257)
2019-10-25 14:35:00: Copy New 'C:/Users/Adrian/Desktop/HTML + CSS/Bino_Adrian/Bino_Adrian/img/Down.png' -> 'ftp://ftp.cluster021.hosting.ovh.net:21/Bino_Adrian/img/Down.png' (2,711)
2019-10-25 14:35:01: Copy New 'C:/Users/Adrian/Desktop/HTML + CSS/Bino_Adrian/Bino_Adrian/img/Foreground.jpg' -> 'ftp://ftp.cluster021.hosting.ovh.net:21/Bino_Adrian/img/Foreground.jpg' (633,718)
2019-10-25 14:35:02: Copy New 'C:/Users/Adrian/Desktop/HTML + CSS/Bino_Adrian/Bino_Adrian/img/left.png' -> 'ftp://ftp.cluster021.hosting.ovh.net:21/Bino_Adrian/img/left.png' (462)
2019-10-25 14:35:02: Copy New 'C:/Users/Adrian/Desktop/HTML + CSS/Bino_Adrian/Bino_Adrian/img/left1.png' -> 'ftp://ftp.cluster021.hosting.ovh.net:21/Bino_Adrian/img/left1.png' (488)
2019-10-25 14:35:03: Copy New 'C:/Users/Adrian/Desktop/HTML + CSS/Bino_Adrian/Bino_Adrian/img/Logo.png' -> 'ftp://ftp.cluster021.hosting.ovh.net:21/Bino_Adrian/img/Logo.png' (1,276)
2019-10-25 14:35:04: Copy New 'C:/Users/Adrian/Desktop/HTML + CSS/Bino_Adrian/Bino_Adrian/img/Monitor.png' -> 'ftp://ftp.cluster021.hosting.ovh.net:21/Bino_Adrian/img/Monitor.png' (188,589)
2019-10-25 14:35:05: Copy New 'C:/Users/Adrian/Desktop/HTML + CSS/Bino_Adrian/Bino_Adrian/img/right.png' -> 'ftp://ftp.cluster021.hosting.ovh.net:21/Bino_Adrian/img/right.png' (444)
2019-10-25 14:35:05: Copy New 'C:/Users/Adrian/Desktop/HTML + CSS/Bino_Adrian/Bino_Adrian/img/right1.png' -> 'ftp://ftp.cluster021.hosting.ovh.net:21/Bino_Adrian/img/right1.png' (422)
2019-10-25 14:35:07: Copy New 'C:/Users/Adrian/Desktop/HTML + CSS/Bino_Adrian/Bino_Adrian/img/Rounded Rectangle 3 copy 5.png' -> 'ftp://ftp.cluster021.hosting.ovh.net:21/Bino_Adrian/img/Rounded Rectangle 3 copy 5.png' (133)
2019-10-25 14:35:08: Copy New 'C:/Users/Adrian/Desktop/HTML + CSS/Bino_Adrian/Bino_Adrian/img/services.png' -> 'ftp://ftp.cluster021.hosting.ovh.net:21/Bino_Adrian/img/services.png' (891,727)
2019-10-25 14:35:09: Copy New 'C:/Users/Adrian/Desktop/HTML + CSS/Bino_Adrian/Bino_Adrian/index.html' -> 'ftp://ftp.cluster021.hosting.ovh.net:21/Bino_Adrian/index.html' (8,240)
2019-10-25 14:35:10: Copy New 'C:/Users/Adrian/Desktop/HTML + CSS/Bino_Adrian/Bino_Adrian/java/jquery3.4.1.min.js' -> 'ftp://ftp.cluster021.hosting.ovh.net:21/Bino_Adrian/java/jquery3.4.1.min.js' (88,145)
2019-10-25 14:35:10: Copy New 'C:/Users/Adrian/Desktop/HTML + CSS/Bino_Adrian/Bino_Adrian/java/script.js' -> 'ftp://ftp.cluster021.hosting.ovh.net:21/Bino_Adrian/java/script.js' (203)
2019-10-25 14:35:11: Copy New 'C:/Users/Adrian/Desktop/HTML + CSS/Bino_Adrian/css/style.css' -> 'ftp://ftp.cluster021.hosting.ovh.net:21/css/style.css' (11,895)
2019-10-25 14:35:12: Copy New 'C:/Users/Adrian/Desktop/HTML + CSS/Bino_Adrian/img/1.png' -> 'ftp://ftp.cluster021.hosting.ovh.net:21/img/1.png' (593)
2019-10-25 14:35:12: Copy New 'C:/Users/Adrian/Desktop/HTML + CSS/Bino_Adrian/img/2.png' -> 'ftp://ftp.cluster021.hosting.ovh.net:21/img/2.png' (492)
2019-10-25 14:35:13: Copy New 'C:/Users/Adrian/Desktop/HTML + CSS/Bino_Adrian/img/3.png' -> 'ftp://ftp.cluster021.hosting.ovh.net:21/img/3.png' (734)
2019-10-25 14:35:13: Copy New 'C:/Users/Adrian/Desktop/HTML + CSS/Bino_Adrian/img/4.png' -> 'ftp://ftp.cluster021.hosting.ovh.net:21/img/4.png' (468)
2019-10-25 14:35:14: Copy New 'C:/Users/Adrian/Desktop/HTML + CSS/Bino_Adrian/img/after1.png' -> 'ftp://ftp.cluster021.hosting.ovh.net:21/img/after1.png' (257)
2019-10-25 14:35:14: Copy New 'C:/Users/Adrian/Desktop/HTML + CSS/Bino_Adrian/img/Down.png' -> 'ftp://ftp.cluster021.hosting.ovh.net:21/img/Down.png' (2,711)
2019-10-25 14:35:15: Copy New 'C:/Users/Adrian/Desktop/HTML + CSS/Bino_Adrian/img/Foreground.jpg' -> 'ftp://ftp.cluster021.hosting.ovh.net:21/img/Foreground.jpg' (633,718)
2019-10-25 14:35:17: Copy New 'C:/Users/Adrian/Desktop/HTML + CSS/Bino_Adrian/img/left.png' -> 'ftp://ftp.cluster021.hosting.ovh.net:21/img/left.png' (462)
2019-10-25 14:35:18: Copy New 'C:/Users/Adrian/Desktop/HTML + CSS/Bino_Adrian/img/left1.png' -> 'ftp://ftp.cluster021.hosting.ovh.net:21/img/left1.png' (488)
2019-10-25 14:35:18: Copy New 'C:/Users/Adrian/Desktop/HTML + CSS/Bino_Adrian/img/Logo.png' -> 'ftp://ftp.cluster021.hosting.ovh.net:21/img/Logo.png' (1,276)
2019-10-25 14:35:19: Copy New 'C:/Users/Adrian/Desktop/HTML + CSS/Bino_Adrian/img/Monitor.png' -> 'ftp://ftp.cluster021.hosting.ovh.net:21/img/Monitor.png' (188,589)
2019-10-25 14:35:20: Copy New 'C:/Users/Adrian/Desktop/HTML + CSS/Bino_Adrian/img/right.png' -> 'ftp://ftp.cluster021.hosting.ovh.net:21/img/right.png' (444)
2019-10-25 14:35:20: Copy New 'C:/Users/Adrian/Desktop/HTML + CSS/Bino_Adrian/img/right1.png' -> 'ftp://ftp.cluster021.hosting.ovh.net:21/img/right1.png' (422)
2019-10-25 14:35:21: Copy New 'C:/Users/Adrian/Desktop/HTML + CSS/Bino_Adrian/img/Rounded Rectangle 3 copy 5.png' -> 'ftp://ftp.cluster021.hosting.ovh.net:21/img/Rounded Rectangle 3 copy 5.png' (133)
2019-10-25 14:35:22: Copy New 'C:/Users/Adrian/Desktop/HTML + CSS/Bino_Adrian/img/services.png' -> 'ftp://ftp.cluster021.hosting.ovh.net:21/img/services.png' (891,727)
2019-10-25 14:35:23: Copy Over 'C:/Users/Adrian/Desktop/HTML + CSS/Bino_Adrian/index.html' -> 'ftp://ftp.cluster021.hosting.ovh.net:21/index.html' (10,586)
2019-10-25 14:35:24: Copy New 'C:/Users/Adrian/Desktop/HTML + CSS/Bino_Adrian/java/jquery3.4.1.min.js' -> 'ftp://ftp.cluster021.hosting.ovh.net:21/java/jquery3.4.1.min.js' (88,145)
2019-10-25 14:35:25: Copy New 'C:/Users/Adrian/Desktop/HTML + CSS/Bino_Adrian/java/script.js' -> 'ftp://ftp.cluster021.hosting.ovh.net:21/java/script.js' (203)
2019-10-25 14:35:25: /www/Bino_Adrian/Bino_Adrian/css/style.css: unresolved conflict results in No Copy
2019-10-25 14:35:25: /www/Bino_Adrian/Bino_Adrian/css: unresolved conflict results in No Copy
2019-10-25 14:35:25: /www/Bino_Adrian/Bino_Adrian/img/1.png: unresolved conflict results in No Copy
2019-10-25 14:35:25: /www/Bino_Adrian/Bino_Adrian/img/2.png: unresolved conflict results in No Copy
2019-10-25 14:35:25: /www/Bino_Adrian/Bino_Adrian/img/3.png: unresolved conflict results in No Copy
2019-10-25 14:35:25: /www/Bino_Adrian/Bino_Adrian/img/4.png: unresolved conflict results in No Copy
2019-10-25 14:35:25: /www/Bino_Adrian/Bino_Adrian/img/after1.png: unresolved conflict results in No Copy
2019-10-25 14:35:25: /www/Bino_Adrian/Bino_Adrian/img/Down.png: unresolved conflict results in No Copy
2019-10-25 14:35:25: /www/Bino_Adrian/Bino_Adrian/img/Foreground.jpg: unresolved conflict results in No Copy
2019-10-25 14:35:25: /www/Bino_Adrian/Bino_Adrian/img/left.png: unresolved conflict results in No Copy
2019-10-25 14:35:25: /www/Bino_Adrian/Bino_Adrian/img/left1.png: unresolved conflict results in No Copy
2019-10-25 14:35:25: /www/Bino_Adrian/Bino_Adrian/img/Logo.png: unresolved conflict results in No Copy
2019-10-25 14:35:25: /www/Bino_Adrian/Bino_Adrian/img/Monitor.png: unresolved conflict results in No Copy
2019-10-25 14:35:25: /www/Bino_Adrian/Bino_Adrian/img/right.png: unresolved conflict results in No Copy
2019-10-25 14:35:25: /www/Bino_Adrian/Bino_Adrian/img/right1.png: unresolved conflict results in No Copy
2019-10-25 14:35:25: /www/Bino_Adrian/Bino_Adrian/img/Rounded Rectangle 3 copy 5.png: unresolved conflict results in No Copy
2019-10-25 14:35:25: /www/Bino_Adrian/Bino_Adrian/img: unresolved conflict results in No Copy
2019-10-25 14:35:25: /www/Bino_Adrian/Bino_Adrian/index.html: unresolved conflict results in No Copy
2019-10-25 14:35:25: /www/Bino_Adrian/Bino_Adrian/java/jquery3.4.1.min.js: unresolved conflict results in No Copy
2019-10-25 14:35:25: /www/Bino_Adrian/Bino_Adrian/java/script.js: unresolved conflict results in No Copy
2019-10-25 14:35:25: /www/Bino_Adrian/Bino_Adrian/java: unresolved conflict results in No Copy
2019-10-25 14:35:25: /www/Bino_Adrian/Bino_Adrian: unresolved conflict results in No Copy
2019-10-25 14:35:25: /www/Bino_Adrian/css/style.css: unresolved conflict results in No Copy
2019-10-25 14:35:25: /www/Bino_Adrian/css: unresolved conflict results in No Copy
2019-10-25 14:35:25: /www/Bino_Adrian/img/1.png: unresolved conflict results in No Copy
2019-10-25 14:35:25: /www/Bino_Adrian/img/2.png: unresolved conflict results in No Copy
2019-10-25 14:35:25: /www/Bino_Adrian/img/3.png: unresolved conflict results in No Copy
2019-10-25 14:35:25: /www/Bino_Adrian/img/4.png: unresolved conflict results in No Copy
2019-10-25 14:35:25: /www/Bino_Adrian/img/after1.png: unresolved conflict results in No Copy
2019-10-25 14:35:25: /www/Bino_Adrian/img/Down.png: unresolved conflict results in No Copy
2019-10-25 14:35:25: /www/Bino_Adrian/img/Foreground.jpg: unresolved conflict results in No Copy
2019-10-25 14:35:25: /www/Bino_Adrian/img/left.png: unresolved conflict results in No Copy
2019-10-25 14:35:25: /www/Bino_Adrian/img/left1.png: unresolved conflict results in No Copy
2019-10-25 14:35:25: /www/Bino_Adrian/img/Logo.png: unresolved conflict results in No Copy
2019-10-25 14:35:25: /www/Bino_Adrian/img/Monitor.png: unresolved conflict results in No Copy
2019-10-25 14:35:25: /www/Bino_Adrian/img/right.png: unresolved conflict results in No Copy
2019-10-25 14:35:25: /www/Bino_Adrian/img/right1.png: unresolved conflict results in No Copy
2019-10-25 14:35:25: /www/Bino_Adrian/img/Rounded Rectangle 3 copy 5.png: unresolved conflict results in No Copy
2019-10-25 14:35:25: /www/Bino_Adrian/img/services.png: unresolved conflict results in No Copy
2019-10-25 14:35:25: /www/Bino_Adrian/img: unresolved conflict results in No Copy
2019-10-25 14:35:25: /www/Bino_Adrian/index.html: unresolved conflict results in No Copy
2019-10-25 14:35:25: /www/Bino_Adrian/java/jquery3.4.1.min.js: unresolved conflict results in No Copy
2019-10-25 14:35:25: /www/Bino_Adrian/java/script.js: unresolved conflict results in No Copy
2019-10-25 14:35:25: /www/Bino_Adrian/java: unresolved conflict results in No Copy
2019-10-25 14:35:25: /www/Bino_Adrian: unresolved conflict results in No Copy
2019-10-25 14:35:25: /www/css/style.css: unresolved conflict results in No Copy
2019-10-25 14:35:25: /www/css: unresolved conflict results in No Copy
2019-10-25 14:35:25: /www/img/1.png: unresolved conflict results in No Copy
2019-10-25 14:35:25: /www/img/2.png: unresolved conflict results in No Copy
2019-10-25 14:35:25: /www/img/3.png: unresolved conflict results in No Copy
2019-10-25 14:35:25: /www/img/4.png: unresolved conflict results in No Copy
2019-10-25 14:35:25: /www/img/after1.png: unresolved conflict results in No Copy
2019-10-25 14:35:25: /www/img/Down.png: unresolved conflict results in No Copy
2019-10-25 14:35:25: /www/img/Foreground.jpg: unresolved conflict results in No Copy
2019-10-25 14:35:25: /www/img/left.png: unresolved conflict results in No Copy
2019-10-25 14:35:25: /www/img/left1.png: unresolved conflict results in No Copy
2019-10-25 14:35:25: /www/img/Logo.png: unresolved conflict results in No Copy
2019-10-25 14:35:25: /www/img/Monitor.png: unresolved conflict results in No Copy
2019-10-25 14:35:25: /www/img/right.png: unresolved conflict results in No Copy
2019-10-25 14:35:25: /www/img/right1.png: unresolved conflict results in No Copy
2019-10-25 14:35:25: /www/img/Rounded Rectangle 3 copy 5.png: unresolved conflict results in No Copy
2019-10-25 14:35:25: /www/img/services.png: unresolved conflict results in No Copy
2019-10-25 14:35:25: /www/img: unresolved conflict results in No Copy
2019-10-25 14:35:25: /www/index.html: unresolved conflict results in No Copy
2019-10-25 14:35:25: /www/java/jquery3.4.1.min.js: unresolved conflict results in No Copy
2019-10-25 14:35:25: /www/java/script.js: unresolved conflict results in No Copy
2019-10-25 14:35:25: /www/java: unresolved conflict results in No Copy
2019-10-25 14:35:25: /www: unresolved conflict results in No Copy
2019-10-25 14:35:27: == Sync Complete. Time: 00:00:47, Speed: 193 KB/s, OK: 465, Errors: 0, Conflicts: 68
2019-10-25 14:35:27: 
