2019-10-24 21:05:32: == Sync Started by User Command
2019-10-24 21:05:37: Delete File 'ftp://ftp.cluster021.hosting.ovh.net:21/www/Bino_Adrian/_gsdata_/2019-1024-205713-DESKTOP-F2SEFB0-oko1.log'
2019-10-24 21:05:38: Delete File 'ftp://ftp.cluster021.hosting.ovh.net:21/www/Bino_Adrian/_gsdata_/2019-1024-210052-DESKTOP-F2SEFB0-oko1.log'
2019-10-24 21:05:38: Delete File 'ftp://ftp.cluster021.hosting.ovh.net:21/www/Bino_Adrian/_gsdata_/2019-1024-210247-DESKTOP-F2SEFB0-oko1.log'
2019-10-24 21:05:38: Delete File 'ftp://ftp.cluster021.hosting.ovh.net:21/www/Bino_Adrian/_gsdata_/_file_state_v4._gs'
2019-10-24 21:05:38: Delete File 'ftp://ftp.cluster021.hosting.ovh.net:21/www/Bino_Adrian/_gsdata_/_insync_v4.gsl'
- ERROR: cannot RNFR: Sorry, but that file doesn't exist
2019-10-24 21:05:39: Delete File 'ftp://ftp.cluster021.hosting.ovh.net:21/www/Bino_Adrian/css/style.css'
2019-10-24 21:05:39: Delete Folder 'ftp://ftp.cluster021.hosting.ovh.net:21/www/Bino_Adrian/css'
2019-10-24 21:05:39: Delete File 'ftp://ftp.cluster021.hosting.ovh.net:21/www/Bino_Adrian/img/1.png'
2019-10-24 21:05:40: Delete File 'ftp://ftp.cluster021.hosting.ovh.net:21/www/Bino_Adrian/img/2.png'
2019-10-24 21:05:40: Delete File 'ftp://ftp.cluster021.hosting.ovh.net:21/www/Bino_Adrian/img/3.png'
2019-10-24 21:05:40: Delete File 'ftp://ftp.cluster021.hosting.ovh.net:21/www/Bino_Adrian/img/4.png'
2019-10-24 21:05:40: Delete File 'ftp://ftp.cluster021.hosting.ovh.net:21/www/Bino_Adrian/img/after1.png'
2019-10-24 21:05:40: Delete File 'ftp://ftp.cluster021.hosting.ovh.net:21/www/Bino_Adrian/img/Down.png'
2019-10-24 21:05:41: Delete File 'ftp://ftp.cluster021.hosting.ovh.net:21/www/Bino_Adrian/img/Foreground.jpg'
2019-10-24 21:05:41: Delete File 'ftp://ftp.cluster021.hosting.ovh.net:21/www/Bino_Adrian/img/left.png'
2019-10-24 21:05:41: Delete File 'ftp://ftp.cluster021.hosting.ovh.net:21/www/Bino_Adrian/img/left1.png'
2019-10-24 21:05:41: Delete File 'ftp://ftp.cluster021.hosting.ovh.net:21/www/Bino_Adrian/img/Logo.png'
2019-10-24 21:05:42: Delete File 'ftp://ftp.cluster021.hosting.ovh.net:21/www/Bino_Adrian/img/Monitor.png'
2019-10-24 21:05:42: Delete File 'ftp://ftp.cluster021.hosting.ovh.net:21/www/Bino_Adrian/img/right.png'
2019-10-24 21:05:42: Delete File 'ftp://ftp.cluster021.hosting.ovh.net:21/www/Bino_Adrian/img/right1.png'
2019-10-24 21:05:42: Delete File 'ftp://ftp.cluster021.hosting.ovh.net:21/www/Bino_Adrian/img/Rounded Rectangle 3 copy 5.png'
2019-10-24 21:05:42: Delete Folder 'ftp://ftp.cluster021.hosting.ovh.net:21/www/Bino_Adrian/img'
2019-10-24 21:05:43: Delete File 'ftp://ftp.cluster021.hosting.ovh.net:21/www/Bino_Adrian/index.html'
2019-10-24 21:05:43: Delete File 'ftp://ftp.cluster021.hosting.ovh.net:21/www/Bino_Adrian/java/jquery3.4.1.min.js'
2019-10-24 21:05:43: Delete File 'ftp://ftp.cluster021.hosting.ovh.net:21/www/Bino_Adrian/java/script.js'
2019-10-24 21:05:43: Delete Folder 'ftp://ftp.cluster021.hosting.ovh.net:21/www/Bino_Adrian/java'
2019-10-24 21:05:44: Create Folder 'ftp://ftp.cluster021.hosting.ovh.net:21/css'
2019-10-24 21:05:44: Create Folder 'ftp://ftp.cluster021.hosting.ovh.net:21/img'
2019-10-24 21:05:44: Create Folder 'ftp://ftp.cluster021.hosting.ovh.net:21/java'
2019-10-24 21:05:45: Copy New 'C:/Users/Adrian/Desktop/HTML + CSS/Bino_Adrian/css/style.css' -> 'ftp://ftp.cluster021.hosting.ovh.net:21/css/style.css' (10,642)
2019-10-24 21:05:45: Copy New 'C:/Users/Adrian/Desktop/HTML + CSS/Bino_Adrian/img/1.png' -> 'ftp://ftp.cluster021.hosting.ovh.net:21/img/1.png' (593)
2019-10-24 21:05:46: Copy New 'C:/Users/Adrian/Desktop/HTML + CSS/Bino_Adrian/img/2.png' -> 'ftp://ftp.cluster021.hosting.ovh.net:21/img/2.png' (492)
2019-10-24 21:05:47: Copy New 'C:/Users/Adrian/Desktop/HTML + CSS/Bino_Adrian/img/3.png' -> 'ftp://ftp.cluster021.hosting.ovh.net:21/img/3.png' (734)
2019-10-24 21:05:48: Copy New 'C:/Users/Adrian/Desktop/HTML + CSS/Bino_Adrian/img/4.png' -> 'ftp://ftp.cluster021.hosting.ovh.net:21/img/4.png' (468)
2019-10-24 21:05:48: Copy New 'C:/Users/Adrian/Desktop/HTML + CSS/Bino_Adrian/img/after1.png' -> 'ftp://ftp.cluster021.hosting.ovh.net:21/img/after1.png' (257)
2019-10-24 21:05:49: Copy New 'C:/Users/Adrian/Desktop/HTML + CSS/Bino_Adrian/img/Down.png' -> 'ftp://ftp.cluster021.hosting.ovh.net:21/img/Down.png' (2,711)
2019-10-24 21:05:51: Copy New 'C:/Users/Adrian/Desktop/HTML + CSS/Bino_Adrian/img/Foreground.jpg' -> 'ftp://ftp.cluster021.hosting.ovh.net:21/img/Foreground.jpg' (633,718)
2019-10-24 21:05:52: Copy New 'C:/Users/Adrian/Desktop/HTML + CSS/Bino_Adrian/img/left.png' -> 'ftp://ftp.cluster021.hosting.ovh.net:21/img/left.png' (462)
2019-10-24 21:05:53: Copy New 'C:/Users/Adrian/Desktop/HTML + CSS/Bino_Adrian/img/left1.png' -> 'ftp://ftp.cluster021.hosting.ovh.net:21/img/left1.png' (488)
2019-10-24 21:05:55: Copy New 'C:/Users/Adrian/Desktop/HTML + CSS/Bino_Adrian/img/Logo.png' -> 'ftp://ftp.cluster021.hosting.ovh.net:21/img/Logo.png' (1,276)
2019-10-24 21:05:57: Copy New 'C:/Users/Adrian/Desktop/HTML + CSS/Bino_Adrian/img/Monitor.png' -> 'ftp://ftp.cluster021.hosting.ovh.net:21/img/Monitor.png' (188,589)
2019-10-24 21:05:58: Copy New 'C:/Users/Adrian/Desktop/HTML + CSS/Bino_Adrian/img/right.png' -> 'ftp://ftp.cluster021.hosting.ovh.net:21/img/right.png' (444)
2019-10-24 21:05:59: Copy New 'C:/Users/Adrian/Desktop/HTML + CSS/Bino_Adrian/img/right1.png' -> 'ftp://ftp.cluster021.hosting.ovh.net:21/img/right1.png' (422)
2019-10-24 21:06:00: Copy New 'C:/Users/Adrian/Desktop/HTML + CSS/Bino_Adrian/img/Rounded Rectangle 3 copy 5.png' -> 'ftp://ftp.cluster021.hosting.ovh.net:21/img/Rounded Rectangle 3 copy 5.png' (133)
2019-10-24 21:06:00: Copy New 'C:/Users/Adrian/Desktop/HTML + CSS/Bino_Adrian/index.html' -> 'ftp://ftp.cluster021.hosting.ovh.net:21/index.html' (7,619)
2019-10-24 21:06:02: Copy New 'C:/Users/Adrian/Desktop/HTML + CSS/Bino_Adrian/java/jquery3.4.1.min.js' -> 'ftp://ftp.cluster021.hosting.ovh.net:21/java/jquery3.4.1.min.js' (88,145)
2019-10-24 21:06:02: Copy New 'C:/Users/Adrian/Desktop/HTML + CSS/Bino_Adrian/java/script.js' -> 'ftp://ftp.cluster021.hosting.ovh.net:21/java/script.js' (209)
2019-10-24 21:06:03: Deleted File: ftp://ftp.cluster021.hosting.ovh.net:21/www/Bino_Adrian/_gsdata_/lock.gsl
2019-10-24 21:06:03: Deleted Folder: ftp://ftp.cluster021.hosting.ovh.net:21/www/Bino_Adrian/_gsdata_
2019-10-24 21:06:03: Delete Folder 'ftp://ftp.cluster021.hosting.ovh.net:21/www/Bino_Adrian/_gsdata_'
2019-10-24 21:06:03: Delete Folder 'ftp://ftp.cluster021.hosting.ovh.net:21/www/Bino_Adrian'
2019-10-24 21:06:04: Delete Folder 'ftp://ftp.cluster021.hosting.ovh.net:21/www'
2019-10-24 21:06:05: == Sync Complete. Time: 00:00:34, Speed: 52.7 KB/s, OK: 98, Errors: 1
2019-10-24 21:06:05: 
