2019-10-24 21:18:29: == Sync Started by User Command
2019-10-24 21:18:32: Copy Over 'C:/Users/Adrian/Desktop/HTML + CSS/Bino_Adrian/css/style.css' -> 'ftp://ftp.cluster021.hosting.ovh.net:21/www/Bino_Adrian/css/style.css' (10,642)
2019-10-24 21:18:34: Copy Over 'C:/Users/Adrian/Desktop/HTML + CSS/Bino_Adrian/img/1.png' -> 'ftp://ftp.cluster021.hosting.ovh.net:21/www/Bino_Adrian/img/1.png' (593)
2019-10-24 21:18:35: Copy Over 'C:/Users/Adrian/Desktop/HTML + CSS/Bino_Adrian/img/2.png' -> 'ftp://ftp.cluster021.hosting.ovh.net:21/www/Bino_Adrian/img/2.png' (492)
2019-10-24 21:18:36: Copy Over 'C:/Users/Adrian/Desktop/HTML + CSS/Bino_Adrian/img/3.png' -> 'ftp://ftp.cluster021.hosting.ovh.net:21/www/Bino_Adrian/img/3.png' (734)
2019-10-24 21:18:37: Copy Over 'C:/Users/Adrian/Desktop/HTML + CSS/Bino_Adrian/img/4.png' -> 'ftp://ftp.cluster021.hosting.ovh.net:21/www/Bino_Adrian/img/4.png' (468)
2019-10-24 21:18:37: Copy Over 'C:/Users/Adrian/Desktop/HTML + CSS/Bino_Adrian/img/after1.png' -> 'ftp://ftp.cluster021.hosting.ovh.net:21/www/Bino_Adrian/img/after1.png' (257)
2019-10-24 21:18:38: Copy Over 'C:/Users/Adrian/Desktop/HTML + CSS/Bino_Adrian/img/Down.png' -> 'ftp://ftp.cluster021.hosting.ovh.net:21/www/Bino_Adrian/img/Down.png' (2,711)
2019-10-24 21:18:41: Copy Over 'C:/Users/Adrian/Desktop/HTML + CSS/Bino_Adrian/img/Foreground.jpg' -> 'ftp://ftp.cluster021.hosting.ovh.net:21/www/Bino_Adrian/img/Foreground.jpg' (633,718)
2019-10-24 21:18:42: Copy Over 'C:/Users/Adrian/Desktop/HTML + CSS/Bino_Adrian/img/left.png' -> 'ftp://ftp.cluster021.hosting.ovh.net:21/www/Bino_Adrian/img/left.png' (462)
2019-10-24 21:18:43: Copy Over 'C:/Users/Adrian/Desktop/HTML + CSS/Bino_Adrian/img/left1.png' -> 'ftp://ftp.cluster021.hosting.ovh.net:21/www/Bino_Adrian/img/left1.png' (488)
2019-10-24 21:18:44: Copy Over 'C:/Users/Adrian/Desktop/HTML + CSS/Bino_Adrian/img/Logo.png' -> 'ftp://ftp.cluster021.hosting.ovh.net:21/www/Bino_Adrian/img/Logo.png' (1,276)
2019-10-24 21:18:45: Copy Over 'C:/Users/Adrian/Desktop/HTML + CSS/Bino_Adrian/img/Monitor.png' -> 'ftp://ftp.cluster021.hosting.ovh.net:21/www/Bino_Adrian/img/Monitor.png' (188,589)
2019-10-24 21:18:46: Copy Over 'C:/Users/Adrian/Desktop/HTML + CSS/Bino_Adrian/img/right.png' -> 'ftp://ftp.cluster021.hosting.ovh.net:21/www/Bino_Adrian/img/right.png' (444)
2019-10-24 21:18:47: Copy Over 'C:/Users/Adrian/Desktop/HTML + CSS/Bino_Adrian/img/right1.png' -> 'ftp://ftp.cluster021.hosting.ovh.net:21/www/Bino_Adrian/img/right1.png' (422)
2019-10-24 21:18:49: Copy Over 'C:/Users/Adrian/Desktop/HTML + CSS/Bino_Adrian/img/Rounded Rectangle 3 copy 5.png' -> 'ftp://ftp.cluster021.hosting.ovh.net:21/www/Bino_Adrian/img/Rounded Rectangle 3 copy 5.png' (133)
2019-10-24 21:18:50: Copy Over 'C:/Users/Adrian/Desktop/HTML + CSS/Bino_Adrian/index.html' -> 'ftp://ftp.cluster021.hosting.ovh.net:21/www/Bino_Adrian/index.html' (7,619)
2019-10-24 21:18:52: Copy Over 'C:/Users/Adrian/Desktop/HTML + CSS/Bino_Adrian/java/jquery3.4.1.min.js' -> 'ftp://ftp.cluster021.hosting.ovh.net:21/www/Bino_Adrian/java/jquery3.4.1.min.js' (88,145)
2019-10-24 21:18:53: Copy Over 'C:/Users/Adrian/Desktop/HTML + CSS/Bino_Adrian/java/script.js' -> 'ftp://ftp.cluster021.hosting.ovh.net:21/www/Bino_Adrian/java/script.js' (209)
2019-10-24 21:18:54: == Sync Complete. Time: 00:00:26, Speed: 40.1 KB/s, OK: 18, Errors: 0
2019-10-24 21:18:55: 
