2019-10-25 20:17:46: -- Analysis Started by On File Change, After Delay
2019-10-25 20:17:47: Changes: 46, Conflicts: 0, CopyTime: 0, FixState: 0, Errors: 0, All: 660
2019-10-25 20:17:47: Left to Right: Copy File: 46 
2019-10-25 20:17:47: == Sync Started by On File Change, After Delay
2019-10-25 20:17:47: Create Folder 'ftp://ftp.cluster021.hosting.ovh.net:21/www/_'
2019-10-25 20:17:47: Create Folder 'ftp://ftp.cluster021.hosting.ovh.net:21/www/Bino_Adrian'
2019-10-25 20:17:47: Create Folder 'ftp://ftp.cluster021.hosting.ovh.net:21/www/Bino_Adrian/Bino_Adrian'
2019-10-25 20:17:47: Create Folder 'ftp://ftp.cluster021.hosting.ovh.net:21/www/Bino_Adrian/Bino_Adrian/css'
2019-10-25 20:17:47: Create Folder 'ftp://ftp.cluster021.hosting.ovh.net:21/www/Bino_Adrian/Bino_Adrian/img'
2019-10-25 20:17:47: Create Folder 'ftp://ftp.cluster021.hosting.ovh.net:21/www/Bino_Adrian/Bino_Adrian/java'
2019-10-25 20:17:47: Create Folder 'ftp://ftp.cluster021.hosting.ovh.net:21/www/Bino_Adrian/css'
2019-10-25 20:17:47: Create Folder 'ftp://ftp.cluster021.hosting.ovh.net:21/www/Bino_Adrian/img'
2019-10-25 20:17:47: Create Folder 'ftp://ftp.cluster021.hosting.ovh.net:21/www/Bino_Adrian/java'
2019-10-25 20:17:48: Copy New 'C:/Users/Adrian/Desktop/HTML + CSS/Bino_Adrian/Bino_Adrian/Bino_Adrian/css/style.css' -> 'ftp://ftp.cluster021.hosting.ovh.net:21/www/Bino_Adrian/Bino_Adrian/css/style.css' (10,051)
2019-10-25 20:17:49: Copy New 'C:/Users/Adrian/Desktop/HTML + CSS/Bino_Adrian/Bino_Adrian/Bino_Adrian/img/1.png' -> 'ftp://ftp.cluster021.hosting.ovh.net:21/www/Bino_Adrian/Bino_Adrian/img/1.png' (593)
2019-10-25 20:17:49: Copy New 'C:/Users/Adrian/Desktop/HTML + CSS/Bino_Adrian/Bino_Adrian/Bino_Adrian/img/2.png' -> 'ftp://ftp.cluster021.hosting.ovh.net:21/www/Bino_Adrian/Bino_Adrian/img/2.png' (492)
2019-10-25 20:17:50: Copy New 'C:/Users/Adrian/Desktop/HTML + CSS/Bino_Adrian/Bino_Adrian/Bino_Adrian/img/3.png' -> 'ftp://ftp.cluster021.hosting.ovh.net:21/www/Bino_Adrian/Bino_Adrian/img/3.png' (734)
2019-10-25 20:17:51: Copy New 'C:/Users/Adrian/Desktop/HTML + CSS/Bino_Adrian/Bino_Adrian/Bino_Adrian/img/4.png' -> 'ftp://ftp.cluster021.hosting.ovh.net:21/www/Bino_Adrian/Bino_Adrian/img/4.png' (468)
2019-10-25 20:17:52: Copy New 'C:/Users/Adrian/Desktop/HTML + CSS/Bino_Adrian/Bino_Adrian/Bino_Adrian/img/after1.png' -> 'ftp://ftp.cluster021.hosting.ovh.net:21/www/Bino_Adrian/Bino_Adrian/img/after1.png' (257)
2019-10-25 20:17:52: Copy New 'C:/Users/Adrian/Desktop/HTML + CSS/Bino_Adrian/Bino_Adrian/Bino_Adrian/img/Down.png' -> 'ftp://ftp.cluster021.hosting.ovh.net:21/www/Bino_Adrian/Bino_Adrian/img/Down.png' (2,711)
2019-10-25 20:17:56: Copy New 'C:/Users/Adrian/Desktop/HTML + CSS/Bino_Adrian/Bino_Adrian/Bino_Adrian/img/Foreground.jpg' -> 'ftp://ftp.cluster021.hosting.ovh.net:21/www/Bino_Adrian/Bino_Adrian/img/Foreground.jpg' (633,718)
2019-10-25 20:17:57: Copy New 'C:/Users/Adrian/Desktop/HTML + CSS/Bino_Adrian/Bino_Adrian/Bino_Adrian/img/left.png' -> 'ftp://ftp.cluster021.hosting.ovh.net:21/www/Bino_Adrian/Bino_Adrian/img/left.png' (462)
2019-10-25 20:17:58: Copy New 'C:/Users/Adrian/Desktop/HTML + CSS/Bino_Adrian/Bino_Adrian/Bino_Adrian/img/left1.png' -> 'ftp://ftp.cluster021.hosting.ovh.net:21/www/Bino_Adrian/Bino_Adrian/img/left1.png' (488)
2019-10-25 20:17:59: Copy New 'C:/Users/Adrian/Desktop/HTML + CSS/Bino_Adrian/Bino_Adrian/Bino_Adrian/img/Logo.png' -> 'ftp://ftp.cluster021.hosting.ovh.net:21/www/Bino_Adrian/Bino_Adrian/img/Logo.png' (1,276)
2019-10-25 20:18:01: Copy New 'C:/Users/Adrian/Desktop/HTML + CSS/Bino_Adrian/Bino_Adrian/Bino_Adrian/img/Monitor.png' -> 'ftp://ftp.cluster021.hosting.ovh.net:21/www/Bino_Adrian/Bino_Adrian/img/Monitor.png' (188,589)
2019-10-25 20:18:02: Copy New 'C:/Users/Adrian/Desktop/HTML + CSS/Bino_Adrian/Bino_Adrian/Bino_Adrian/img/right.png' -> 'ftp://ftp.cluster021.hosting.ovh.net:21/www/Bino_Adrian/Bino_Adrian/img/right.png' (444)
2019-10-25 20:18:03: Copy New 'C:/Users/Adrian/Desktop/HTML + CSS/Bino_Adrian/Bino_Adrian/Bino_Adrian/img/right1.png' -> 'ftp://ftp.cluster021.hosting.ovh.net:21/www/Bino_Adrian/Bino_Adrian/img/right1.png' (422)
2019-10-25 20:18:04: Copy New 'C:/Users/Adrian/Desktop/HTML + CSS/Bino_Adrian/Bino_Adrian/Bino_Adrian/img/Rounded Rectangle 3 copy 5.png' -> 'ftp://ftp.cluster021.hosting.ovh.net:21/www/Bino_Adrian/Bino_Adrian/img/Rounded Rectangle 3 copy 5.png' (133)
2019-10-25 20:18:05: Copy New 'C:/Users/Adrian/Desktop/HTML + CSS/Bino_Adrian/Bino_Adrian/Bino_Adrian/index.html' -> 'ftp://ftp.cluster021.hosting.ovh.net:21/www/Bino_Adrian/Bino_Adrian/index.html' (7,447)
2019-10-25 20:18:06: Copy New 'C:/Users/Adrian/Desktop/HTML + CSS/Bino_Adrian/Bino_Adrian/Bino_Adrian/java/jquery3.4.1.min.js' -> 'ftp://ftp.cluster021.hosting.ovh.net:21/www/Bino_Adrian/Bino_Adrian/java/jquery3.4.1.min.js' (88,145)
2019-10-25 20:18:07: Copy New 'C:/Users/Adrian/Desktop/HTML + CSS/Bino_Adrian/Bino_Adrian/Bino_Adrian/java/script.js' -> 'ftp://ftp.cluster021.hosting.ovh.net:21/www/Bino_Adrian/Bino_Adrian/java/script.js' (203)
2019-10-25 20:18:08: Copy New 'C:/Users/Adrian/Desktop/HTML + CSS/Bino_Adrian/Bino_Adrian/css/style.css' -> 'ftp://ftp.cluster021.hosting.ovh.net:21/www/Bino_Adrian/css/style.css' (12,360)
2019-10-25 20:18:09: Copy New 'C:/Users/Adrian/Desktop/HTML + CSS/Bino_Adrian/Bino_Adrian/img/1.png' -> 'ftp://ftp.cluster021.hosting.ovh.net:21/www/Bino_Adrian/img/1.png' (593)
2019-10-25 20:18:10: Copy New 'C:/Users/Adrian/Desktop/HTML + CSS/Bino_Adrian/Bino_Adrian/img/2.png' -> 'ftp://ftp.cluster021.hosting.ovh.net:21/www/Bino_Adrian/img/2.png' (492)
2019-10-25 20:18:11: Copy New 'C:/Users/Adrian/Desktop/HTML + CSS/Bino_Adrian/Bino_Adrian/img/3.png' -> 'ftp://ftp.cluster021.hosting.ovh.net:21/www/Bino_Adrian/img/3.png' (734)
2019-10-25 20:18:11: Copy New 'C:/Users/Adrian/Desktop/HTML + CSS/Bino_Adrian/Bino_Adrian/img/4.png' -> 'ftp://ftp.cluster021.hosting.ovh.net:21/www/Bino_Adrian/img/4.png' (468)
2019-10-25 20:18:12: Copy New 'C:/Users/Adrian/Desktop/HTML + CSS/Bino_Adrian/Bino_Adrian/img/after1.png' -> 'ftp://ftp.cluster021.hosting.ovh.net:21/www/Bino_Adrian/img/after1.png' (257)
2019-10-25 20:18:13: Copy New 'C:/Users/Adrian/Desktop/HTML + CSS/Bino_Adrian/Bino_Adrian/img/Down.png' -> 'ftp://ftp.cluster021.hosting.ovh.net:21/www/Bino_Adrian/img/Down.png' (2,711)
2019-10-25 20:18:19: Copy New 'C:/Users/Adrian/Desktop/HTML + CSS/Bino_Adrian/Bino_Adrian/img/Foreground.jpg' -> 'ftp://ftp.cluster021.hosting.ovh.net:21/www/Bino_Adrian/img/Foreground.jpg' (633,718)
2019-10-25 20:18:19: Copy New 'C:/Users/Adrian/Desktop/HTML + CSS/Bino_Adrian/Bino_Adrian/img/left.png' -> 'ftp://ftp.cluster021.hosting.ovh.net:21/www/Bino_Adrian/img/left.png' (462)
2019-10-25 20:18:20: Copy New 'C:/Users/Adrian/Desktop/HTML + CSS/Bino_Adrian/Bino_Adrian/img/left1.png' -> 'ftp://ftp.cluster021.hosting.ovh.net:21/www/Bino_Adrian/img/left1.png' (488)
2019-10-25 20:18:21: Copy New 'C:/Users/Adrian/Desktop/HTML + CSS/Bino_Adrian/Bino_Adrian/img/Logo.png' -> 'ftp://ftp.cluster021.hosting.ovh.net:21/www/Bino_Adrian/img/Logo.png' (1,276)
2019-10-25 20:18:23: Copy New 'C:/Users/Adrian/Desktop/HTML + CSS/Bino_Adrian/Bino_Adrian/img/Monitor.png' -> 'ftp://ftp.cluster021.hosting.ovh.net:21/www/Bino_Adrian/img/Monitor.png' (188,589)
2019-10-25 20:18:24: Copy New 'C:/Users/Adrian/Desktop/HTML + CSS/Bino_Adrian/Bino_Adrian/img/right.png' -> 'ftp://ftp.cluster021.hosting.ovh.net:21/www/Bino_Adrian/img/right.png' (444)
2019-10-25 20:18:25: Copy New 'C:/Users/Adrian/Desktop/HTML + CSS/Bino_Adrian/Bino_Adrian/img/right1.png' -> 'ftp://ftp.cluster021.hosting.ovh.net:21/www/Bino_Adrian/img/right1.png' (422)
2019-10-25 20:18:25: Copy New 'C:/Users/Adrian/Desktop/HTML + CSS/Bino_Adrian/Bino_Adrian/img/Rounded Rectangle 3 copy 5.png' -> 'ftp://ftp.cluster021.hosting.ovh.net:21/www/Bino_Adrian/img/Rounded Rectangle 3 copy 5.png' (133)
2019-10-25 20:18:31: Copy New 'C:/Users/Adrian/Desktop/HTML + CSS/Bino_Adrian/Bino_Adrian/img/services.png' -> 'ftp://ftp.cluster021.hosting.ovh.net:21/www/Bino_Adrian/img/services.png' (891,727)
2019-10-25 20:18:31: Copy New 'C:/Users/Adrian/Desktop/HTML + CSS/Bino_Adrian/Bino_Adrian/index.html' -> 'ftp://ftp.cluster021.hosting.ovh.net:21/www/Bino_Adrian/index.html' (8,240)
2019-10-25 20:18:33: Copy New 'C:/Users/Adrian/Desktop/HTML + CSS/Bino_Adrian/Bino_Adrian/java/jquery3.4.1.min.js' -> 'ftp://ftp.cluster021.hosting.ovh.net:21/www/Bino_Adrian/java/jquery3.4.1.min.js' (88,145)
2019-10-25 20:18:34: Copy New 'C:/Users/Adrian/Desktop/HTML + CSS/Bino_Adrian/Bino_Adrian/java/script.js' -> 'ftp://ftp.cluster021.hosting.ovh.net:21/www/Bino_Adrian/java/script.js' (203)
2019-10-25 20:18:35: == Sync Complete. Time: 00:00:48, Speed: 64.4 KB/s, OK: 46, Errors: 0
2019-10-25 20:18:35: 
