2019-10-24 21:02:53: == Sync Started by User Command
2019-10-24 21:02:57: Copy Over 'C:/Users/Adrian/Desktop/HTML + CSS/Bino_Adrian/css/style.css' -> 'ftp://ftp.cluster021.hosting.ovh.net:21/Bino_Adrian/css/style.css' (10,642)
2019-10-24 21:02:58: Copy Over 'C:/Users/Adrian/Desktop/HTML + CSS/Bino_Adrian/img/1.png' -> 'ftp://ftp.cluster021.hosting.ovh.net:21/Bino_Adrian/img/1.png' (593)
2019-10-24 21:02:59: Copy Over 'C:/Users/Adrian/Desktop/HTML + CSS/Bino_Adrian/img/2.png' -> 'ftp://ftp.cluster021.hosting.ovh.net:21/Bino_Adrian/img/2.png' (492)
2019-10-24 21:03:00: Copy Over 'C:/Users/Adrian/Desktop/HTML + CSS/Bino_Adrian/img/3.png' -> 'ftp://ftp.cluster021.hosting.ovh.net:21/Bino_Adrian/img/3.png' (734)
2019-10-24 21:03:01: Copy Over 'C:/Users/Adrian/Desktop/HTML + CSS/Bino_Adrian/img/4.png' -> 'ftp://ftp.cluster021.hosting.ovh.net:21/Bino_Adrian/img/4.png' (468)
2019-10-24 21:03:02: Copy Over 'C:/Users/Adrian/Desktop/HTML + CSS/Bino_Adrian/img/after1.png' -> 'ftp://ftp.cluster021.hosting.ovh.net:21/Bino_Adrian/img/after1.png' (257)
2019-10-24 21:03:03: Copy Over 'C:/Users/Adrian/Desktop/HTML + CSS/Bino_Adrian/img/Down.png' -> 'ftp://ftp.cluster021.hosting.ovh.net:21/Bino_Adrian/img/Down.png' (2,711)
2019-10-24 21:03:05: Copy Over 'C:/Users/Adrian/Desktop/HTML + CSS/Bino_Adrian/img/Foreground.jpg' -> 'ftp://ftp.cluster021.hosting.ovh.net:21/Bino_Adrian/img/Foreground.jpg' (633,718)
2019-10-24 21:03:06: Copy Over 'C:/Users/Adrian/Desktop/HTML + CSS/Bino_Adrian/img/left.png' -> 'ftp://ftp.cluster021.hosting.ovh.net:21/Bino_Adrian/img/left.png' (462)
2019-10-24 21:03:07: Copy Over 'C:/Users/Adrian/Desktop/HTML + CSS/Bino_Adrian/img/left1.png' -> 'ftp://ftp.cluster021.hosting.ovh.net:21/Bino_Adrian/img/left1.png' (488)
2019-10-24 21:03:08: Copy Over 'C:/Users/Adrian/Desktop/HTML + CSS/Bino_Adrian/img/Logo.png' -> 'ftp://ftp.cluster021.hosting.ovh.net:21/Bino_Adrian/img/Logo.png' (1,276)
2019-10-24 21:03:09: Copy Over 'C:/Users/Adrian/Desktop/HTML + CSS/Bino_Adrian/img/Monitor.png' -> 'ftp://ftp.cluster021.hosting.ovh.net:21/Bino_Adrian/img/Monitor.png' (188,589)
2019-10-24 21:03:10: Copy Over 'C:/Users/Adrian/Desktop/HTML + CSS/Bino_Adrian/img/right.png' -> 'ftp://ftp.cluster021.hosting.ovh.net:21/Bino_Adrian/img/right.png' (444)
2019-10-24 21:03:11: Copy Over 'C:/Users/Adrian/Desktop/HTML + CSS/Bino_Adrian/img/right1.png' -> 'ftp://ftp.cluster021.hosting.ovh.net:21/Bino_Adrian/img/right1.png' (422)
2019-10-24 21:03:14: Copy Over 'C:/Users/Adrian/Desktop/HTML + CSS/Bino_Adrian/img/Rounded Rectangle 3 copy 5.png' -> 'ftp://ftp.cluster021.hosting.ovh.net:21/Bino_Adrian/img/Rounded Rectangle 3 copy 5.png' (133)
2019-10-24 21:03:16: Copy Over 'C:/Users/Adrian/Desktop/HTML + CSS/Bino_Adrian/index.html' -> 'ftp://ftp.cluster021.hosting.ovh.net:21/Bino_Adrian/index.html' (7,619)
2019-10-24 21:03:17: Copy Over 'C:/Users/Adrian/Desktop/HTML + CSS/Bino_Adrian/java/jquery3.4.1.min.js' -> 'ftp://ftp.cluster021.hosting.ovh.net:21/Bino_Adrian/java/jquery3.4.1.min.js' (88,145)
2019-10-24 21:03:18: Copy Over 'C:/Users/Adrian/Desktop/HTML + CSS/Bino_Adrian/java/script.js' -> 'ftp://ftp.cluster021.hosting.ovh.net:21/Bino_Adrian/java/script.js' (209)
2019-10-24 21:03:20: == Sync Complete. Time: 00:00:28, Speed: 38.6 KB/s, OK: 18, Errors: 0
2019-10-24 21:03:20: 
