2019-10-24 21:22:10: == Sync Started by User Command
2019-10-24 21:22:15: Copy Over 'C:/Users/Adrian/Desktop/HTML + CSS/Bino_Adrian/css/style.css' -> 'ftp://ftp.cluster021.hosting.ovh.net:21/css/style.css' (10,642)
2019-10-24 21:22:16: Copy Over 'C:/Users/Adrian/Desktop/HTML + CSS/Bino_Adrian/img/1.png' -> 'ftp://ftp.cluster021.hosting.ovh.net:21/img/1.png' (593)
2019-10-24 21:22:17: Copy Over 'C:/Users/Adrian/Desktop/HTML + CSS/Bino_Adrian/img/2.png' -> 'ftp://ftp.cluster021.hosting.ovh.net:21/img/2.png' (492)
2019-10-24 21:22:18: Copy Over 'C:/Users/Adrian/Desktop/HTML + CSS/Bino_Adrian/img/3.png' -> 'ftp://ftp.cluster021.hosting.ovh.net:21/img/3.png' (734)
2019-10-24 21:22:19: Copy Over 'C:/Users/Adrian/Desktop/HTML + CSS/Bino_Adrian/img/4.png' -> 'ftp://ftp.cluster021.hosting.ovh.net:21/img/4.png' (468)
2019-10-24 21:22:20: Copy Over 'C:/Users/Adrian/Desktop/HTML + CSS/Bino_Adrian/img/after1.png' -> 'ftp://ftp.cluster021.hosting.ovh.net:21/img/after1.png' (257)
2019-10-24 21:22:21: Copy Over 'C:/Users/Adrian/Desktop/HTML + CSS/Bino_Adrian/img/Down.png' -> 'ftp://ftp.cluster021.hosting.ovh.net:21/img/Down.png' (2,711)
2019-10-24 21:22:23: Copy Over 'C:/Users/Adrian/Desktop/HTML + CSS/Bino_Adrian/img/Foreground.jpg' -> 'ftp://ftp.cluster021.hosting.ovh.net:21/img/Foreground.jpg' (633,718)
2019-10-24 21:22:24: Copy Over 'C:/Users/Adrian/Desktop/HTML + CSS/Bino_Adrian/img/left.png' -> 'ftp://ftp.cluster021.hosting.ovh.net:21/img/left.png' (462)
2019-10-24 21:22:25: Copy Over 'C:/Users/Adrian/Desktop/HTML + CSS/Bino_Adrian/img/left1.png' -> 'ftp://ftp.cluster021.hosting.ovh.net:21/img/left1.png' (488)
2019-10-24 21:22:26: Copy Over 'C:/Users/Adrian/Desktop/HTML + CSS/Bino_Adrian/img/Logo.png' -> 'ftp://ftp.cluster021.hosting.ovh.net:21/img/Logo.png' (1,276)
2019-10-24 21:22:27: Copy Over 'C:/Users/Adrian/Desktop/HTML + CSS/Bino_Adrian/img/Monitor.png' -> 'ftp://ftp.cluster021.hosting.ovh.net:21/img/Monitor.png' (188,589)
2019-10-24 21:22:28: Copy Over 'C:/Users/Adrian/Desktop/HTML + CSS/Bino_Adrian/img/right.png' -> 'ftp://ftp.cluster021.hosting.ovh.net:21/img/right.png' (444)
2019-10-24 21:22:29: Copy Over 'C:/Users/Adrian/Desktop/HTML + CSS/Bino_Adrian/img/right1.png' -> 'ftp://ftp.cluster021.hosting.ovh.net:21/img/right1.png' (422)
2019-10-24 21:22:31: Copy Over 'C:/Users/Adrian/Desktop/HTML + CSS/Bino_Adrian/img/Rounded Rectangle 3 copy 5.png' -> 'ftp://ftp.cluster021.hosting.ovh.net:21/img/Rounded Rectangle 3 copy 5.png' (133)
2019-10-24 21:22:32: Copy Over 'C:/Users/Adrian/Desktop/HTML + CSS/Bino_Adrian/index.html' -> 'ftp://ftp.cluster021.hosting.ovh.net:21/index.html' (7,619)
2019-10-24 21:22:33: Copy Over 'C:/Users/Adrian/Desktop/HTML + CSS/Bino_Adrian/java/jquery3.4.1.min.js' -> 'ftp://ftp.cluster021.hosting.ovh.net:21/java/jquery3.4.1.min.js' (88,145)
2019-10-24 21:22:34: Copy Over 'C:/Users/Adrian/Desktop/HTML + CSS/Bino_Adrian/java/script.js' -> 'ftp://ftp.cluster021.hosting.ovh.net:21/java/script.js' (209)
2019-10-24 21:22:36: == Sync Complete. Time: 00:00:26, Speed: 41.8 KB/s, OK: 18, Errors: 0
2019-10-24 21:22:36: 
