2019-10-24 21:28:31: == Sync Started by User Command
2019-10-24 21:28:33: Create Folder 'C:/Users/Adrian/Desktop/HTML + CSS/Bino_Adrian/Bino_Adrian'
2019-10-24 21:28:33: Create Folder 'C:/Users/Adrian/Desktop/HTML + CSS/Bino_Adrian/Bino_Adrian/css'
2019-10-24 21:28:33: Create Folder 'C:/Users/Adrian/Desktop/HTML + CSS/Bino_Adrian/Bino_Adrian/img'
2019-10-24 21:28:33: Create Folder 'C:/Users/Adrian/Desktop/HTML + CSS/Bino_Adrian/Bino_Adrian/java'
2019-10-24 21:28:33: Create Folder 'ftp://ftp.cluster021.hosting.ovh.net:21/www/css'
2019-10-24 21:28:33: Create Folder 'ftp://ftp.cluster021.hosting.ovh.net:21/www/img'
2019-10-24 21:28:33: Create Folder 'ftp://ftp.cluster021.hosting.ovh.net:21/www/java'
2019-10-24 21:28:35: Copy New 'ftp://ftp.cluster021.hosting.ovh.net:21/www/Bino_Adrian/css/style.css' -> 'C:/Users/Adrian/Desktop/HTML + CSS/Bino_Adrian/Bino_Adrian/css/style.css' (10,051)
2019-10-24 21:28:35: Copy New 'ftp://ftp.cluster021.hosting.ovh.net:21/www/Bino_Adrian/img/1.png' -> 'C:/Users/Adrian/Desktop/HTML + CSS/Bino_Adrian/Bino_Adrian/img/1.png' (593)
2019-10-24 21:28:36: Copy New 'ftp://ftp.cluster021.hosting.ovh.net:21/www/Bino_Adrian/img/2.png' -> 'C:/Users/Adrian/Desktop/HTML + CSS/Bino_Adrian/Bino_Adrian/img/2.png' (492)
2019-10-24 21:28:36: Copy New 'ftp://ftp.cluster021.hosting.ovh.net:21/www/Bino_Adrian/img/3.png' -> 'C:/Users/Adrian/Desktop/HTML + CSS/Bino_Adrian/Bino_Adrian/img/3.png' (734)
2019-10-24 21:28:37: Copy New 'ftp://ftp.cluster021.hosting.ovh.net:21/www/Bino_Adrian/img/4.png' -> 'C:/Users/Adrian/Desktop/HTML + CSS/Bino_Adrian/Bino_Adrian/img/4.png' (468)
2019-10-24 21:28:37: Copy New 'ftp://ftp.cluster021.hosting.ovh.net:21/www/Bino_Adrian/img/after1.png' -> 'C:/Users/Adrian/Desktop/HTML + CSS/Bino_Adrian/Bino_Adrian/img/after1.png' (257)
2019-10-24 21:28:37: Copy New 'ftp://ftp.cluster021.hosting.ovh.net:21/www/Bino_Adrian/img/Down.png' -> 'C:/Users/Adrian/Desktop/HTML + CSS/Bino_Adrian/Bino_Adrian/img/Down.png' (2,711)
2019-10-24 21:28:39: Copy New 'ftp://ftp.cluster021.hosting.ovh.net:21/www/Bino_Adrian/img/Foreground.jpg' -> 'C:/Users/Adrian/Desktop/HTML + CSS/Bino_Adrian/Bino_Adrian/img/Foreground.jpg' (633,718)
2019-10-24 21:28:39: Copy New 'ftp://ftp.cluster021.hosting.ovh.net:21/www/Bino_Adrian/img/left.png' -> 'C:/Users/Adrian/Desktop/HTML + CSS/Bino_Adrian/Bino_Adrian/img/left.png' (462)
2019-10-24 21:28:40: Copy New 'ftp://ftp.cluster021.hosting.ovh.net:21/www/Bino_Adrian/img/left1.png' -> 'C:/Users/Adrian/Desktop/HTML + CSS/Bino_Adrian/Bino_Adrian/img/left1.png' (488)
2019-10-24 21:28:40: Copy New 'ftp://ftp.cluster021.hosting.ovh.net:21/www/Bino_Adrian/img/Logo.png' -> 'C:/Users/Adrian/Desktop/HTML + CSS/Bino_Adrian/Bino_Adrian/img/Logo.png' (1,276)
2019-10-24 21:28:41: Copy New 'ftp://ftp.cluster021.hosting.ovh.net:21/www/Bino_Adrian/img/Monitor.png' -> 'C:/Users/Adrian/Desktop/HTML + CSS/Bino_Adrian/Bino_Adrian/img/Monitor.png' (188,589)
2019-10-24 21:28:41: Copy New 'ftp://ftp.cluster021.hosting.ovh.net:21/www/Bino_Adrian/img/right.png' -> 'C:/Users/Adrian/Desktop/HTML + CSS/Bino_Adrian/Bino_Adrian/img/right.png' (444)
2019-10-24 21:28:41: Copy New 'ftp://ftp.cluster021.hosting.ovh.net:21/www/Bino_Adrian/img/right1.png' -> 'C:/Users/Adrian/Desktop/HTML + CSS/Bino_Adrian/Bino_Adrian/img/right1.png' (422)
2019-10-24 21:28:42: Copy New 'ftp://ftp.cluster021.hosting.ovh.net:21/www/Bino_Adrian/img/Rounded Rectangle 3 copy 5.png' -> 'C:/Users/Adrian/Desktop/HTML + CSS/Bino_Adrian/Bino_Adrian/img/Rounded Rectangle 3 copy 5.png' (133)
2019-10-24 21:28:43: Copy New 'ftp://ftp.cluster021.hosting.ovh.net:21/www/Bino_Adrian/index.html' -> 'C:/Users/Adrian/Desktop/HTML + CSS/Bino_Adrian/Bino_Adrian/index.html' (7,447)
2019-10-24 21:28:43: Copy New 'ftp://ftp.cluster021.hosting.ovh.net:21/www/Bino_Adrian/java/jquery3.4.1.min.js' -> 'C:/Users/Adrian/Desktop/HTML + CSS/Bino_Adrian/Bino_Adrian/java/jquery3.4.1.min.js' (88,145)
2019-10-24 21:28:44: Copy New 'ftp://ftp.cluster021.hosting.ovh.net:21/www/Bino_Adrian/java/script.js' -> 'C:/Users/Adrian/Desktop/HTML + CSS/Bino_Adrian/Bino_Adrian/java/script.js' (203)
2019-10-24 21:28:45: Copy New 'C:/Users/Adrian/Desktop/HTML + CSS/Bino_Adrian/css/style.css' -> 'ftp://ftp.cluster021.hosting.ovh.net:21/www/css/style.css' (10,051)
2019-10-24 21:28:45: Copy New 'C:/Users/Adrian/Desktop/HTML + CSS/Bino_Adrian/img/1.png' -> 'ftp://ftp.cluster021.hosting.ovh.net:21/www/img/1.png' (593)
2019-10-24 21:28:46: Copy New 'C:/Users/Adrian/Desktop/HTML + CSS/Bino_Adrian/img/2.png' -> 'ftp://ftp.cluster021.hosting.ovh.net:21/www/img/2.png' (492)
2019-10-24 21:28:47: Copy New 'C:/Users/Adrian/Desktop/HTML + CSS/Bino_Adrian/img/3.png' -> 'ftp://ftp.cluster021.hosting.ovh.net:21/www/img/3.png' (734)
2019-10-24 21:28:48: Copy New 'C:/Users/Adrian/Desktop/HTML + CSS/Bino_Adrian/img/4.png' -> 'ftp://ftp.cluster021.hosting.ovh.net:21/www/img/4.png' (468)
2019-10-24 21:28:49: Copy New 'C:/Users/Adrian/Desktop/HTML + CSS/Bino_Adrian/img/after1.png' -> 'ftp://ftp.cluster021.hosting.ovh.net:21/www/img/after1.png' (257)
2019-10-24 21:28:49: Copy New 'C:/Users/Adrian/Desktop/HTML + CSS/Bino_Adrian/img/Down.png' -> 'ftp://ftp.cluster021.hosting.ovh.net:21/www/img/Down.png' (2,711)
2019-10-24 21:28:52: Copy New 'C:/Users/Adrian/Desktop/HTML + CSS/Bino_Adrian/img/Foreground.jpg' -> 'ftp://ftp.cluster021.hosting.ovh.net:21/www/img/Foreground.jpg' (633,718)
2019-10-24 21:28:52: Copy New 'C:/Users/Adrian/Desktop/HTML + CSS/Bino_Adrian/img/left.png' -> 'ftp://ftp.cluster021.hosting.ovh.net:21/www/img/left.png' (462)
2019-10-24 21:28:53: Copy New 'C:/Users/Adrian/Desktop/HTML + CSS/Bino_Adrian/img/left1.png' -> 'ftp://ftp.cluster021.hosting.ovh.net:21/www/img/left1.png' (488)
2019-10-24 21:28:54: Copy New 'C:/Users/Adrian/Desktop/HTML + CSS/Bino_Adrian/img/Logo.png' -> 'ftp://ftp.cluster021.hosting.ovh.net:21/www/img/Logo.png' (1,276)
2019-10-24 21:28:55: Copy New 'C:/Users/Adrian/Desktop/HTML + CSS/Bino_Adrian/img/Monitor.png' -> 'ftp://ftp.cluster021.hosting.ovh.net:21/www/img/Monitor.png' (188,589)
2019-10-24 21:28:56: Copy New 'C:/Users/Adrian/Desktop/HTML + CSS/Bino_Adrian/img/right.png' -> 'ftp://ftp.cluster021.hosting.ovh.net:21/www/img/right.png' (444)
2019-10-24 21:28:57: Copy New 'C:/Users/Adrian/Desktop/HTML + CSS/Bino_Adrian/img/right1.png' -> 'ftp://ftp.cluster021.hosting.ovh.net:21/www/img/right1.png' (422)
2019-10-24 21:28:58: Copy New 'C:/Users/Adrian/Desktop/HTML + CSS/Bino_Adrian/img/Rounded Rectangle 3 copy 5.png' -> 'ftp://ftp.cluster021.hosting.ovh.net:21/www/img/Rounded Rectangle 3 copy 5.png' (133)
2019-10-24 21:28:58: Copy New 'C:/Users/Adrian/Desktop/HTML + CSS/Bino_Adrian/index.html' -> 'ftp://ftp.cluster021.hosting.ovh.net:21/www/index.html' (7,447)
2019-10-24 21:29:00: Copy New 'C:/Users/Adrian/Desktop/HTML + CSS/Bino_Adrian/java/jquery3.4.1.min.js' -> 'ftp://ftp.cluster021.hosting.ovh.net:21/www/java/jquery3.4.1.min.js' (88,145)
2019-10-24 21:29:01: Copy New 'C:/Users/Adrian/Desktop/HTML + CSS/Bino_Adrian/java/script.js' -> 'ftp://ftp.cluster021.hosting.ovh.net:21/www/java/script.js' (203)
2019-10-24 21:29:03: == Sync Complete. Time: 00:00:33, Speed: 136 KB/s, OK: 307, Errors: 0
2019-10-24 21:29:03: 
