2019-10-25 11:08:50: == Sync Started by User Command
2019-10-25 11:08:52: Create Folder 'ftp://ftp.cluster021.hosting.ovh.net:21/www/Bino_Adrian/Bino_Adrian'
2019-10-25 11:08:52: Create Folder 'ftp://ftp.cluster021.hosting.ovh.net:21/www/Bino_Adrian/Bino_Adrian/css'
2019-10-25 11:08:52: Create Folder 'ftp://ftp.cluster021.hosting.ovh.net:21/www/Bino_Adrian/Bino_Adrian/img'
2019-10-25 11:08:52: Create Folder 'ftp://ftp.cluster021.hosting.ovh.net:21/www/Bino_Adrian/Bino_Adrian/java'
2019-10-25 11:08:53: Copy New 'C:/Users/Adrian/Desktop/HTML + CSS/Bino_Adrian/Bino_Adrian/css/style.css' -> 'ftp://ftp.cluster021.hosting.ovh.net:21/www/Bino_Adrian/Bino_Adrian/css/style.css' (10,051)
2019-10-25 11:08:54: Copy New 'C:/Users/Adrian/Desktop/HTML + CSS/Bino_Adrian/Bino_Adrian/img/1.png' -> 'ftp://ftp.cluster021.hosting.ovh.net:21/www/Bino_Adrian/Bino_Adrian/img/1.png' (593)
2019-10-25 11:08:55: Copy New 'C:/Users/Adrian/Desktop/HTML + CSS/Bino_Adrian/Bino_Adrian/img/2.png' -> 'ftp://ftp.cluster021.hosting.ovh.net:21/www/Bino_Adrian/Bino_Adrian/img/2.png' (492)
2019-10-25 11:08:55: Copy New 'C:/Users/Adrian/Desktop/HTML + CSS/Bino_Adrian/Bino_Adrian/img/3.png' -> 'ftp://ftp.cluster021.hosting.ovh.net:21/www/Bino_Adrian/Bino_Adrian/img/3.png' (734)
2019-10-25 11:08:56: Copy New 'C:/Users/Adrian/Desktop/HTML + CSS/Bino_Adrian/Bino_Adrian/img/4.png' -> 'ftp://ftp.cluster021.hosting.ovh.net:21/www/Bino_Adrian/Bino_Adrian/img/4.png' (468)
2019-10-25 11:08:57: Copy New 'C:/Users/Adrian/Desktop/HTML + CSS/Bino_Adrian/Bino_Adrian/img/after1.png' -> 'ftp://ftp.cluster021.hosting.ovh.net:21/www/Bino_Adrian/Bino_Adrian/img/after1.png' (257)
2019-10-25 11:08:58: Copy New 'C:/Users/Adrian/Desktop/HTML + CSS/Bino_Adrian/Bino_Adrian/img/Down.png' -> 'ftp://ftp.cluster021.hosting.ovh.net:21/www/Bino_Adrian/Bino_Adrian/img/Down.png' (2,711)
2019-10-25 11:09:00: Copy New 'C:/Users/Adrian/Desktop/HTML + CSS/Bino_Adrian/Bino_Adrian/img/Foreground.jpg' -> 'ftp://ftp.cluster021.hosting.ovh.net:21/www/Bino_Adrian/Bino_Adrian/img/Foreground.jpg' (633,718)
2019-10-25 11:09:01: Copy New 'C:/Users/Adrian/Desktop/HTML + CSS/Bino_Adrian/Bino_Adrian/img/left.png' -> 'ftp://ftp.cluster021.hosting.ovh.net:21/www/Bino_Adrian/Bino_Adrian/img/left.png' (462)
2019-10-25 11:09:02: Copy New 'C:/Users/Adrian/Desktop/HTML + CSS/Bino_Adrian/Bino_Adrian/img/left1.png' -> 'ftp://ftp.cluster021.hosting.ovh.net:21/www/Bino_Adrian/Bino_Adrian/img/left1.png' (488)
2019-10-25 11:09:03: Copy New 'C:/Users/Adrian/Desktop/HTML + CSS/Bino_Adrian/Bino_Adrian/img/Logo.png' -> 'ftp://ftp.cluster021.hosting.ovh.net:21/www/Bino_Adrian/Bino_Adrian/img/Logo.png' (1,276)
2019-10-25 11:09:05: Copy New 'C:/Users/Adrian/Desktop/HTML + CSS/Bino_Adrian/Bino_Adrian/img/Monitor.png' -> 'ftp://ftp.cluster021.hosting.ovh.net:21/www/Bino_Adrian/Bino_Adrian/img/Monitor.png' (188,589)
2019-10-25 11:09:05: Copy New 'C:/Users/Adrian/Desktop/HTML + CSS/Bino_Adrian/Bino_Adrian/img/right.png' -> 'ftp://ftp.cluster021.hosting.ovh.net:21/www/Bino_Adrian/Bino_Adrian/img/right.png' (444)
2019-10-25 11:09:06: Copy New 'C:/Users/Adrian/Desktop/HTML + CSS/Bino_Adrian/Bino_Adrian/img/right1.png' -> 'ftp://ftp.cluster021.hosting.ovh.net:21/www/Bino_Adrian/Bino_Adrian/img/right1.png' (422)
2019-10-25 11:09:08: Copy New 'C:/Users/Adrian/Desktop/HTML + CSS/Bino_Adrian/Bino_Adrian/img/Rounded Rectangle 3 copy 5.png' -> 'ftp://ftp.cluster021.hosting.ovh.net:21/www/Bino_Adrian/Bino_Adrian/img/Rounded Rectangle 3 copy 5.png' (133)
2019-10-25 11:09:09: Copy New 'C:/Users/Adrian/Desktop/HTML + CSS/Bino_Adrian/Bino_Adrian/index.html' -> 'ftp://ftp.cluster021.hosting.ovh.net:21/www/Bino_Adrian/Bino_Adrian/index.html' (7,447)
2019-10-25 11:09:10: Copy New 'C:/Users/Adrian/Desktop/HTML + CSS/Bino_Adrian/Bino_Adrian/java/jquery3.4.1.min.js' -> 'ftp://ftp.cluster021.hosting.ovh.net:21/www/Bino_Adrian/Bino_Adrian/java/jquery3.4.1.min.js' (88,145)
2019-10-25 11:09:11: Copy New 'C:/Users/Adrian/Desktop/HTML + CSS/Bino_Adrian/Bino_Adrian/java/script.js' -> 'ftp://ftp.cluster021.hosting.ovh.net:21/www/Bino_Adrian/Bino_Adrian/java/script.js' (203)
2019-10-25 11:09:15: Copy Over 'C:/Users/Adrian/Desktop/HTML + CSS/Bino_Adrian/css/style.css' -> 'ftp://ftp.cluster021.hosting.ovh.net:21/www/Bino_Adrian/css/style.css' (12,360)
2019-10-25 11:09:18: Copy New 'C:/Users/Adrian/Desktop/HTML + CSS/Bino_Adrian/img/services.png' -> 'ftp://ftp.cluster021.hosting.ovh.net:21/www/Bino_Adrian/img/services.png' (891,727)
2019-10-25 11:09:19: Copy Over 'C:/Users/Adrian/Desktop/HTML + CSS/Bino_Adrian/index.html' -> 'ftp://ftp.cluster021.hosting.ovh.net:21/www/Bino_Adrian/index.html' (8,240)
2019-10-25 11:09:21: Copy Over 'C:/Users/Adrian/Desktop/HTML + CSS/Bino_Adrian/java/script.js' -> 'ftp://ftp.cluster021.hosting.ovh.net:21/www/Bino_Adrian/java/script.js' (203)
2019-10-25 11:09:23: == Sync Complete. Time: 00:00:34, Speed: 94.6 KB/s, OK: 158, Errors: 0
2019-10-25 11:09:23: 
