2019-10-25 13:35:26: == Sync Started by User Command
2019-10-25 13:35:29: Create Folder 'ftp://ftp.cluster021.hosting.ovh.net:21/Bino_Adrian'
2019-10-25 13:35:29: Create Folder 'ftp://ftp.cluster021.hosting.ovh.net:21/Bino_Adrian/Bino_Adrian'
2019-10-25 13:35:29: Create Folder 'ftp://ftp.cluster021.hosting.ovh.net:21/Bino_Adrian/Bino_Adrian/css'
2019-10-25 13:35:30: Create Folder 'ftp://ftp.cluster021.hosting.ovh.net:21/Bino_Adrian/Bino_Adrian/img'
2019-10-25 13:35:30: Create Folder 'ftp://ftp.cluster021.hosting.ovh.net:21/Bino_Adrian/Bino_Adrian/java'
2019-10-25 13:35:30: Create Folder 'ftp://ftp.cluster021.hosting.ovh.net:21/Bino_Adrian/css'
2019-10-25 13:35:30: Create Folder 'ftp://ftp.cluster021.hosting.ovh.net:21/Bino_Adrian/img'
2019-10-25 13:35:30: Create Folder 'ftp://ftp.cluster021.hosting.ovh.net:21/Bino_Adrian/java'
2019-10-25 13:35:30: Create Folder 'ftp://ftp.cluster021.hosting.ovh.net:21/css'
2019-10-25 13:35:30: Create Folder 'ftp://ftp.cluster021.hosting.ovh.net:21/img'
2019-10-25 13:35:30: Create Folder 'ftp://ftp.cluster021.hosting.ovh.net:21/java'
2019-10-25 13:35:31: Copy New 'C:/Users/Adrian/Desktop/HTML + CSS/Bino_Adrian/Bino_Adrian/Bino_Adrian/css/style.css' -> 'ftp://ftp.cluster021.hosting.ovh.net:21/Bino_Adrian/Bino_Adrian/css/style.css' (10,051)
2019-10-25 13:35:32: Copy New 'C:/Users/Adrian/Desktop/HTML + CSS/Bino_Adrian/Bino_Adrian/Bino_Adrian/img/1.png' -> 'ftp://ftp.cluster021.hosting.ovh.net:21/Bino_Adrian/Bino_Adrian/img/1.png' (593)
2019-10-25 13:35:32: Copy New 'C:/Users/Adrian/Desktop/HTML + CSS/Bino_Adrian/Bino_Adrian/Bino_Adrian/img/2.png' -> 'ftp://ftp.cluster021.hosting.ovh.net:21/Bino_Adrian/Bino_Adrian/img/2.png' (492)
2019-10-25 13:35:33: Copy New 'C:/Users/Adrian/Desktop/HTML + CSS/Bino_Adrian/Bino_Adrian/Bino_Adrian/img/3.png' -> 'ftp://ftp.cluster021.hosting.ovh.net:21/Bino_Adrian/Bino_Adrian/img/3.png' (734)
2019-10-25 13:35:34: Copy New 'C:/Users/Adrian/Desktop/HTML + CSS/Bino_Adrian/Bino_Adrian/Bino_Adrian/img/4.png' -> 'ftp://ftp.cluster021.hosting.ovh.net:21/Bino_Adrian/Bino_Adrian/img/4.png' (468)
2019-10-25 13:35:34: Copy New 'C:/Users/Adrian/Desktop/HTML + CSS/Bino_Adrian/Bino_Adrian/Bino_Adrian/img/after1.png' -> 'ftp://ftp.cluster021.hosting.ovh.net:21/Bino_Adrian/Bino_Adrian/img/after1.png' (257)
2019-10-25 13:35:35: Copy New 'C:/Users/Adrian/Desktop/HTML + CSS/Bino_Adrian/Bino_Adrian/Bino_Adrian/img/Down.png' -> 'ftp://ftp.cluster021.hosting.ovh.net:21/Bino_Adrian/Bino_Adrian/img/Down.png' (2,711)
2019-10-25 13:35:36: Copy New 'C:/Users/Adrian/Desktop/HTML + CSS/Bino_Adrian/Bino_Adrian/Bino_Adrian/img/Foreground.jpg' -> 'ftp://ftp.cluster021.hosting.ovh.net:21/Bino_Adrian/Bino_Adrian/img/Foreground.jpg' (633,718)
2019-10-25 13:35:37: Copy New 'C:/Users/Adrian/Desktop/HTML + CSS/Bino_Adrian/Bino_Adrian/Bino_Adrian/img/left.png' -> 'ftp://ftp.cluster021.hosting.ovh.net:21/Bino_Adrian/Bino_Adrian/img/left.png' (462)
2019-10-25 13:35:38: Copy New 'C:/Users/Adrian/Desktop/HTML + CSS/Bino_Adrian/Bino_Adrian/Bino_Adrian/img/left1.png' -> 'ftp://ftp.cluster021.hosting.ovh.net:21/Bino_Adrian/Bino_Adrian/img/left1.png' (488)
2019-10-25 13:35:38: Copy New 'C:/Users/Adrian/Desktop/HTML + CSS/Bino_Adrian/Bino_Adrian/Bino_Adrian/img/Logo.png' -> 'ftp://ftp.cluster021.hosting.ovh.net:21/Bino_Adrian/Bino_Adrian/img/Logo.png' (1,276)
2019-10-25 13:35:40: Copy New 'C:/Users/Adrian/Desktop/HTML + CSS/Bino_Adrian/Bino_Adrian/Bino_Adrian/img/Monitor.png' -> 'ftp://ftp.cluster021.hosting.ovh.net:21/Bino_Adrian/Bino_Adrian/img/Monitor.png' (188,589)
2019-10-25 13:35:40: Copy New 'C:/Users/Adrian/Desktop/HTML + CSS/Bino_Adrian/Bino_Adrian/Bino_Adrian/img/right.png' -> 'ftp://ftp.cluster021.hosting.ovh.net:21/Bino_Adrian/Bino_Adrian/img/right.png' (444)
2019-10-25 13:35:41: Copy New 'C:/Users/Adrian/Desktop/HTML + CSS/Bino_Adrian/Bino_Adrian/Bino_Adrian/img/right1.png' -> 'ftp://ftp.cluster021.hosting.ovh.net:21/Bino_Adrian/Bino_Adrian/img/right1.png' (422)
2019-10-25 13:35:42: Copy New 'C:/Users/Adrian/Desktop/HTML + CSS/Bino_Adrian/Bino_Adrian/Bino_Adrian/img/Rounded Rectangle 3 copy 5.png' -> 'ftp://ftp.cluster021.hosting.ovh.net:21/Bino_Adrian/Bino_Adrian/img/Rounded Rectangle 3 copy 5.png' (133)
2019-10-25 13:35:43: Copy New 'C:/Users/Adrian/Desktop/HTML + CSS/Bino_Adrian/Bino_Adrian/Bino_Adrian/index.html' -> 'ftp://ftp.cluster021.hosting.ovh.net:21/Bino_Adrian/Bino_Adrian/index.html' (7,447)
2019-10-25 13:35:44: Copy New 'C:/Users/Adrian/Desktop/HTML + CSS/Bino_Adrian/Bino_Adrian/Bino_Adrian/java/jquery3.4.1.min.js' -> 'ftp://ftp.cluster021.hosting.ovh.net:21/Bino_Adrian/Bino_Adrian/java/jquery3.4.1.min.js' (88,145)
2019-10-25 13:35:44: Copy New 'C:/Users/Adrian/Desktop/HTML + CSS/Bino_Adrian/Bino_Adrian/Bino_Adrian/java/script.js' -> 'ftp://ftp.cluster021.hosting.ovh.net:21/Bino_Adrian/Bino_Adrian/java/script.js' (203)
2019-10-25 13:35:45: Copy New 'C:/Users/Adrian/Desktop/HTML + CSS/Bino_Adrian/Bino_Adrian/css/style.css' -> 'ftp://ftp.cluster021.hosting.ovh.net:21/Bino_Adrian/css/style.css' (12,360)
2019-10-25 13:35:46: Copy New 'C:/Users/Adrian/Desktop/HTML + CSS/Bino_Adrian/Bino_Adrian/img/1.png' -> 'ftp://ftp.cluster021.hosting.ovh.net:21/Bino_Adrian/img/1.png' (593)
2019-10-25 13:35:47: Copy New 'C:/Users/Adrian/Desktop/HTML + CSS/Bino_Adrian/Bino_Adrian/img/2.png' -> 'ftp://ftp.cluster021.hosting.ovh.net:21/Bino_Adrian/img/2.png' (492)
2019-10-25 13:35:47: Copy New 'C:/Users/Adrian/Desktop/HTML + CSS/Bino_Adrian/Bino_Adrian/img/3.png' -> 'ftp://ftp.cluster021.hosting.ovh.net:21/Bino_Adrian/img/3.png' (734)
2019-10-25 13:35:48: Copy New 'C:/Users/Adrian/Desktop/HTML + CSS/Bino_Adrian/Bino_Adrian/img/4.png' -> 'ftp://ftp.cluster021.hosting.ovh.net:21/Bino_Adrian/img/4.png' (468)
2019-10-25 13:35:49: Copy New 'C:/Users/Adrian/Desktop/HTML + CSS/Bino_Adrian/Bino_Adrian/img/after1.png' -> 'ftp://ftp.cluster021.hosting.ovh.net:21/Bino_Adrian/img/after1.png' (257)
2019-10-25 13:35:50: Copy New 'C:/Users/Adrian/Desktop/HTML + CSS/Bino_Adrian/Bino_Adrian/img/Down.png' -> 'ftp://ftp.cluster021.hosting.ovh.net:21/Bino_Adrian/img/Down.png' (2,711)
2019-10-25 13:35:51: Copy New 'C:/Users/Adrian/Desktop/HTML + CSS/Bino_Adrian/Bino_Adrian/img/Foreground.jpg' -> 'ftp://ftp.cluster021.hosting.ovh.net:21/Bino_Adrian/img/Foreground.jpg' (633,718)
2019-10-25 13:35:52: Copy New 'C:/Users/Adrian/Desktop/HTML + CSS/Bino_Adrian/Bino_Adrian/img/left.png' -> 'ftp://ftp.cluster021.hosting.ovh.net:21/Bino_Adrian/img/left.png' (462)
2019-10-25 13:35:52: Copy New 'C:/Users/Adrian/Desktop/HTML + CSS/Bino_Adrian/Bino_Adrian/img/left1.png' -> 'ftp://ftp.cluster021.hosting.ovh.net:21/Bino_Adrian/img/left1.png' (488)
2019-10-25 13:35:53: Copy New 'C:/Users/Adrian/Desktop/HTML + CSS/Bino_Adrian/Bino_Adrian/img/Logo.png' -> 'ftp://ftp.cluster021.hosting.ovh.net:21/Bino_Adrian/img/Logo.png' (1,276)
2019-10-25 13:35:54: Copy New 'C:/Users/Adrian/Desktop/HTML + CSS/Bino_Adrian/Bino_Adrian/img/Monitor.png' -> 'ftp://ftp.cluster021.hosting.ovh.net:21/Bino_Adrian/img/Monitor.png' (188,589)
2019-10-25 13:35:55: Copy New 'C:/Users/Adrian/Desktop/HTML + CSS/Bino_Adrian/Bino_Adrian/img/right.png' -> 'ftp://ftp.cluster021.hosting.ovh.net:21/Bino_Adrian/img/right.png' (444)
2019-10-25 13:35:55: Copy New 'C:/Users/Adrian/Desktop/HTML + CSS/Bino_Adrian/Bino_Adrian/img/right1.png' -> 'ftp://ftp.cluster021.hosting.ovh.net:21/Bino_Adrian/img/right1.png' (422)
2019-10-25 13:35:56: Copy New 'C:/Users/Adrian/Desktop/HTML + CSS/Bino_Adrian/Bino_Adrian/img/Rounded Rectangle 3 copy 5.png' -> 'ftp://ftp.cluster021.hosting.ovh.net:21/Bino_Adrian/img/Rounded Rectangle 3 copy 5.png' (133)
2019-10-25 13:35:57: Copy New 'C:/Users/Adrian/Desktop/HTML + CSS/Bino_Adrian/Bino_Adrian/img/services.png' -> 'ftp://ftp.cluster021.hosting.ovh.net:21/Bino_Adrian/img/services.png' (891,727)
2019-10-25 13:35:58: Copy New 'C:/Users/Adrian/Desktop/HTML + CSS/Bino_Adrian/Bino_Adrian/index.html' -> 'ftp://ftp.cluster021.hosting.ovh.net:21/Bino_Adrian/index.html' (8,240)
2019-10-25 13:35:59: Copy New 'C:/Users/Adrian/Desktop/HTML + CSS/Bino_Adrian/Bino_Adrian/java/jquery3.4.1.min.js' -> 'ftp://ftp.cluster021.hosting.ovh.net:21/Bino_Adrian/java/jquery3.4.1.min.js' (88,145)
2019-10-25 13:36:00: Copy New 'C:/Users/Adrian/Desktop/HTML + CSS/Bino_Adrian/Bino_Adrian/java/script.js' -> 'ftp://ftp.cluster021.hosting.ovh.net:21/Bino_Adrian/java/script.js' (203)
2019-10-25 13:36:01: Copy New 'C:/Users/Adrian/Desktop/HTML + CSS/Bino_Adrian/css/style.css' -> 'ftp://ftp.cluster021.hosting.ovh.net:21/css/style.css' (11,893)
2019-10-25 13:36:02: Copy New 'C:/Users/Adrian/Desktop/HTML + CSS/Bino_Adrian/img/1.png' -> 'ftp://ftp.cluster021.hosting.ovh.net:21/img/1.png' (593)
2019-10-25 13:36:02: Copy New 'C:/Users/Adrian/Desktop/HTML + CSS/Bino_Adrian/img/2.png' -> 'ftp://ftp.cluster021.hosting.ovh.net:21/img/2.png' (492)
2019-10-25 13:36:03: Copy New 'C:/Users/Adrian/Desktop/HTML + CSS/Bino_Adrian/img/3.png' -> 'ftp://ftp.cluster021.hosting.ovh.net:21/img/3.png' (734)
2019-10-25 13:36:04: Copy New 'C:/Users/Adrian/Desktop/HTML + CSS/Bino_Adrian/img/4.png' -> 'ftp://ftp.cluster021.hosting.ovh.net:21/img/4.png' (468)
2019-10-25 13:36:05: Copy New 'C:/Users/Adrian/Desktop/HTML + CSS/Bino_Adrian/img/after1.png' -> 'ftp://ftp.cluster021.hosting.ovh.net:21/img/after1.png' (257)
2019-10-25 13:36:06: Copy New 'C:/Users/Adrian/Desktop/HTML + CSS/Bino_Adrian/img/Down.png' -> 'ftp://ftp.cluster021.hosting.ovh.net:21/img/Down.png' (2,711)
2019-10-25 13:36:07: Copy New 'C:/Users/Adrian/Desktop/HTML + CSS/Bino_Adrian/img/Foreground.jpg' -> 'ftp://ftp.cluster021.hosting.ovh.net:21/img/Foreground.jpg' (633,718)
2019-10-25 13:36:08: Copy New 'C:/Users/Adrian/Desktop/HTML + CSS/Bino_Adrian/img/left.png' -> 'ftp://ftp.cluster021.hosting.ovh.net:21/img/left.png' (462)
2019-10-25 13:36:08: Copy New 'C:/Users/Adrian/Desktop/HTML + CSS/Bino_Adrian/img/left1.png' -> 'ftp://ftp.cluster021.hosting.ovh.net:21/img/left1.png' (488)
2019-10-25 13:36:09: Copy New 'C:/Users/Adrian/Desktop/HTML + CSS/Bino_Adrian/img/Logo.png' -> 'ftp://ftp.cluster021.hosting.ovh.net:21/img/Logo.png' (1,276)
2019-10-25 13:36:10: Copy New 'C:/Users/Adrian/Desktop/HTML + CSS/Bino_Adrian/img/Monitor.png' -> 'ftp://ftp.cluster021.hosting.ovh.net:21/img/Monitor.png' (188,589)
2019-10-25 13:36:11: Copy New 'C:/Users/Adrian/Desktop/HTML + CSS/Bino_Adrian/img/right.png' -> 'ftp://ftp.cluster021.hosting.ovh.net:21/img/right.png' (444)
2019-10-25 13:36:12: Copy New 'C:/Users/Adrian/Desktop/HTML + CSS/Bino_Adrian/img/right1.png' -> 'ftp://ftp.cluster021.hosting.ovh.net:21/img/right1.png' (422)
2019-10-25 13:36:13: Copy New 'C:/Users/Adrian/Desktop/HTML + CSS/Bino_Adrian/img/Rounded Rectangle 3 copy 5.png' -> 'ftp://ftp.cluster021.hosting.ovh.net:21/img/Rounded Rectangle 3 copy 5.png' (133)
2019-10-25 13:36:14: Copy New 'C:/Users/Adrian/Desktop/HTML + CSS/Bino_Adrian/img/services.png' -> 'ftp://ftp.cluster021.hosting.ovh.net:21/img/services.png' (891,727)
2019-10-25 13:36:15: Copy New 'C:/Users/Adrian/Desktop/HTML + CSS/Bino_Adrian/index.html' -> 'ftp://ftp.cluster021.hosting.ovh.net:21/index.html' (10,441)
2019-10-25 13:36:16: Copy New 'C:/Users/Adrian/Desktop/HTML + CSS/Bino_Adrian/java/jquery3.4.1.min.js' -> 'ftp://ftp.cluster021.hosting.ovh.net:21/java/jquery3.4.1.min.js' (88,145)
2019-10-25 13:36:16: Copy New 'C:/Users/Adrian/Desktop/HTML + CSS/Bino_Adrian/java/script.js' -> 'ftp://ftp.cluster021.hosting.ovh.net:21/java/script.js' (203)
2019-10-25 13:36:16: /www/Bino_Adrian/Bino_Adrian/css/style.css: unresolved conflict results in No Copy
2019-10-25 13:36:16: /www/Bino_Adrian/Bino_Adrian/css: unresolved conflict results in No Copy
2019-10-25 13:36:16: /www/Bino_Adrian/Bino_Adrian/img/1.png: unresolved conflict results in No Copy
2019-10-25 13:36:16: /www/Bino_Adrian/Bino_Adrian/img/2.png: unresolved conflict results in No Copy
2019-10-25 13:36:16: /www/Bino_Adrian/Bino_Adrian/img/3.png: unresolved conflict results in No Copy
2019-10-25 13:36:16: /www/Bino_Adrian/Bino_Adrian/img/4.png: unresolved conflict results in No Copy
2019-10-25 13:36:16: /www/Bino_Adrian/Bino_Adrian/img/after1.png: unresolved conflict results in No Copy
2019-10-25 13:36:16: /www/Bino_Adrian/Bino_Adrian/img/Down.png: unresolved conflict results in No Copy
2019-10-25 13:36:16: /www/Bino_Adrian/Bino_Adrian/img/Foreground.jpg: unresolved conflict results in No Copy
2019-10-25 13:36:16: /www/Bino_Adrian/Bino_Adrian/img/left.png: unresolved conflict results in No Copy
2019-10-25 13:36:16: /www/Bino_Adrian/Bino_Adrian/img/left1.png: unresolved conflict results in No Copy
2019-10-25 13:36:16: /www/Bino_Adrian/Bino_Adrian/img/Logo.png: unresolved conflict results in No Copy
2019-10-25 13:36:16: /www/Bino_Adrian/Bino_Adrian/img/Monitor.png: unresolved conflict results in No Copy
2019-10-25 13:36:16: /www/Bino_Adrian/Bino_Adrian/img/right.png: unresolved conflict results in No Copy
2019-10-25 13:36:16: /www/Bino_Adrian/Bino_Adrian/img/right1.png: unresolved conflict results in No Copy
2019-10-25 13:36:16: /www/Bino_Adrian/Bino_Adrian/img/Rounded Rectangle 3 copy 5.png: unresolved conflict results in No Copy
2019-10-25 13:36:16: /www/Bino_Adrian/Bino_Adrian/img: unresolved conflict results in No Copy
2019-10-25 13:36:16: /www/Bino_Adrian/Bino_Adrian/index.html: unresolved conflict results in No Copy
2019-10-25 13:36:16: /www/Bino_Adrian/Bino_Adrian/java/jquery3.4.1.min.js: unresolved conflict results in No Copy
2019-10-25 13:36:16: /www/Bino_Adrian/Bino_Adrian/java/script.js: unresolved conflict results in No Copy
2019-10-25 13:36:16: /www/Bino_Adrian/Bino_Adrian/java: unresolved conflict results in No Copy
2019-10-25 13:36:16: /www/Bino_Adrian/Bino_Adrian: unresolved conflict results in No Copy
2019-10-25 13:36:16: /www/Bino_Adrian/css/style.css: unresolved conflict results in No Copy
2019-10-25 13:36:16: /www/Bino_Adrian/css: unresolved conflict results in No Copy
2019-10-25 13:36:16: /www/Bino_Adrian/img/1.png: unresolved conflict results in No Copy
2019-10-25 13:36:16: /www/Bino_Adrian/img/2.png: unresolved conflict results in No Copy
2019-10-25 13:36:16: /www/Bino_Adrian/img/3.png: unresolved conflict results in No Copy
2019-10-25 13:36:16: /www/Bino_Adrian/img/4.png: unresolved conflict results in No Copy
2019-10-25 13:36:16: /www/Bino_Adrian/img/after1.png: unresolved conflict results in No Copy
2019-10-25 13:36:16: /www/Bino_Adrian/img/Down.png: unresolved conflict results in No Copy
2019-10-25 13:36:16: /www/Bino_Adrian/img/Foreground.jpg: unresolved conflict results in No Copy
2019-10-25 13:36:16: /www/Bino_Adrian/img/left.png: unresolved conflict results in No Copy
2019-10-25 13:36:16: /www/Bino_Adrian/img/left1.png: unresolved conflict results in No Copy
2019-10-25 13:36:16: /www/Bino_Adrian/img/Logo.png: unresolved conflict results in No Copy
2019-10-25 13:36:16: /www/Bino_Adrian/img/Monitor.png: unresolved conflict results in No Copy
2019-10-25 13:36:16: /www/Bino_Adrian/img/right.png: unresolved conflict results in No Copy
2019-10-25 13:36:16: /www/Bino_Adrian/img/right1.png: unresolved conflict results in No Copy
2019-10-25 13:36:16: /www/Bino_Adrian/img/Rounded Rectangle 3 copy 5.png: unresolved conflict results in No Copy
2019-10-25 13:36:16: /www/Bino_Adrian/img/services.png: unresolved conflict results in No Copy
2019-10-25 13:36:16: /www/Bino_Adrian/img: unresolved conflict results in No Copy
2019-10-25 13:36:16: /www/Bino_Adrian/index.html: unresolved conflict results in No Copy
2019-10-25 13:36:16: /www/Bino_Adrian/java/jquery3.4.1.min.js: unresolved conflict results in No Copy
2019-10-25 13:36:16: /www/Bino_Adrian/java/script.js: unresolved conflict results in No Copy
2019-10-25 13:36:16: /www/Bino_Adrian/java: unresolved conflict results in No Copy
2019-10-25 13:36:16: /www/Bino_Adrian: unresolved conflict results in No Copy
2019-10-25 13:36:16: /www/css/style.css: unresolved conflict results in No Copy
2019-10-25 13:36:16: /www/css: unresolved conflict results in No Copy
2019-10-25 13:36:16: /www/img/1.png: unresolved conflict results in No Copy
2019-10-25 13:36:16: /www/img/2.png: unresolved conflict results in No Copy
2019-10-25 13:36:16: /www/img/3.png: unresolved conflict results in No Copy
2019-10-25 13:36:16: /www/img/4.png: unresolved conflict results in No Copy
2019-10-25 13:36:16: /www/img/after1.png: unresolved conflict results in No Copy
2019-10-25 13:36:16: /www/img/Down.png: unresolved conflict results in No Copy
2019-10-25 13:36:16: /www/img/Foreground.jpg: unresolved conflict results in No Copy
2019-10-25 13:36:16: /www/img/left.png: unresolved conflict results in No Copy
2019-10-25 13:36:16: /www/img/left1.png: unresolved conflict results in No Copy
2019-10-25 13:36:16: /www/img/Logo.png: unresolved conflict results in No Copy
2019-10-25 13:36:16: /www/img/Monitor.png: unresolved conflict results in No Copy
2019-10-25 13:36:16: /www/img/right.png: unresolved conflict results in No Copy
2019-10-25 13:36:16: /www/img/right1.png: unresolved conflict results in No Copy
2019-10-25 13:36:16: /www/img/Rounded Rectangle 3 copy 5.png: unresolved conflict results in No Copy
2019-10-25 13:36:16: /www/img/services.png: unresolved conflict results in No Copy
2019-10-25 13:36:16: /www/img: unresolved conflict results in No Copy
2019-10-25 13:36:16: /www/index.html: unresolved conflict results in No Copy
2019-10-25 13:36:16: /www/java/jquery3.4.1.min.js: unresolved conflict results in No Copy
2019-10-25 13:36:16: /www/java/script.js: unresolved conflict results in No Copy
2019-10-25 13:36:16: /www/java: unresolved conflict results in No Copy
2019-10-25 13:36:16: /www: unresolved conflict results in No Copy
2019-10-25 13:36:19: == Sync Complete. Time: 00:00:54, Speed: 210 KB/s, OK: 718, Errors: 0, Conflicts: 68
2019-10-25 13:36:19: 
